{"ts":"2026-04-11T14:48:58.407Z","level":"info","message":"[scan-map-live] Canlı scan run başlatıldı","runId":"c4b1af04-2616-435a-a8b3-e6dc624a1dd2","meta":{"runId":"c4b1af04-2616-435a-a8b3-e6dc624a1dd2","teamId":"69c405fbdb783011c5a0d859","eventAddress":"https://www.passo.com.tr/tr/etkinlik/galatasaray-kocaelispor-mac-bileti-passo/11356321","maxProbe":100}}
{"ts":"2026-04-11T14:48:58.410Z","level":"info","message":"[scan-map-live] Rastgele takım hesabı seçiliyor...","runId":"c4b1af04-2616-435a-a8b3-e6dc624a1dd2","meta":{"runId":"c4b1af04-2616-435a-a8b3-e6dc624a1dd2"}}
{"ts":"2026-04-11T14:48:58.424Z","level":"info","message":"[scan-map-live] Hesap seçildi","runId":"c4b1af04-2616-435a-a8b3-e6dc624a1dd2","meta":{"runId":"c4b1af04-2616-435a-a8b3-e6dc624a1dd2","email":"chmargs2@yaani.com","credentialId":"69cfce8d8f9a9ac2b5ff58ff"}}
{"ts":"2026-04-11T14:48:58.428Z","level":"info","message":"[scan-map-live] Tarayıcı açılıyor (ana bot akışı)...","runId":"c4b1af04-2616-435a-a8b3-e6dc624a1dd2","meta":{"runId":"c4b1af04-2616-435a-a8b3-e6dc624a1dd2","profileDir":"C:\\Users\\alavh\\AppData\\Local\\Temp\\passo-scan-live-goW3s5"}}
{"ts":"2026-04-11T14:48:58.431Z","level":"info","message":"[scan-map-live] Passo login + turnstile/captcha çözüm adımları başlatıldı...","runId":"c4b1af04-2616-435a-a8b3-e6dc624a1dd2","meta":{"runId":"c4b1af04-2616-435a-a8b3-e6dc624a1dd2"}}
{"ts":"2026-04-11T14:48:58.432Z","level":"warn","message":"[scan-map-live] Proxy kullanımı kapalı, doğrudan bağlantı deneniyor","runId":"c4b1af04-2616-435a-a8b3-e6dc624a1dd2","meta":{"runId":"c4b1af04-2616-435a-a8b3-e6dc624a1dd2"}}
{"ts":"2026-04-11T14:49:45.836Z","level":"info","message":"[scan-map-live] Login adımı tamamlandı, evente gidiliyor ve koltuk haritası açılıyor...","runId":"c4b1af04-2616-435a-a8b3-e6dc624a1dd2","meta":{"runId":"c4b1af04-2616-435a-a8b3-e6dc624a1dd2"}}
{"ts":"2026-04-11T14:49:45.837Z","level":"info","message":"[scan-map-live] Seat map hazırlığı başladı","runId":"c4b1af04-2616-435a-a8b3-e6dc624a1dd2","meta":{"runId":"c4b1af04-2616-435a-a8b3-e6dc624a1dd2","eventUrl":"https://www.passo.com.tr/tr/etkinlik/galatasaray-kocaelispor-mac-bileti-passo/11356321","seatUrl":"https://www.passo.com.tr/tr/etkinlik/galatasaray-kocaelispor-mac-bileti-passo/11356321/koltuk-secim"}}
{"ts":"2026-04-11T14:49:45.838Z","level":"info","message":"[scan-map-live] Event sayfasına gidiliyor","runId":"c4b1af04-2616-435a-a8b3-e6dc624a1dd2","meta":{"runId":"c4b1af04-2616-435a-a8b3-e6dc624a1dd2","eventUrl":"https://www.passo.com.tr/tr/etkinlik/galatasaray-kocaelispor-mac-bileti-passo/11356321"}}
{"ts":"2026-04-11T14:49:46.506Z","level":"info","message":"[scan-map-live] Koltuk seçim URL çağrılıyor","runId":"c4b1af04-2616-435a-a8b3-e6dc624a1dd2","meta":{"runId":"c4b1af04-2616-435a-a8b3-e6dc624a1dd2","seatUrl":"https://www.passo.com.tr/tr/etkinlik/galatasaray-kocaelispor-mac-bileti-passo/11356321/koltuk-secim"}}
{"ts":"2026-04-11T14:49:46.679Z","level":"info","message":"[scan-map-live] Koltuk seçim URL sonrası durum","runId":"c4b1af04-2616-435a-a8b3-e6dc624a1dd2","meta":{"runId":"c4b1af04-2616-435a-a8b3-e6dc624a1dd2","currentUrl":"https://www.passo.com.tr/tr/etkinlik/galatasaray-kocaelispor-mac-bileti-passo/11356321/koltuk-secim"}}
{"ts":"2026-04-11T14:49:46.681Z","level":"info","message":"[scan-map-live] openSeatMapStrict çağrılıyor...","runId":"c4b1af04-2616-435a-a8b3-e6dc624a1dd2","meta":{"runId":"c4b1af04-2616-435a-a8b3-e6dc624a1dd2"}}
{"ts":"2026-04-11T14:50:06.115Z","level":"warn","message":"[scan-map-live] openSeatMapStrict false döndü ama SVG zaten mevcut, taramaya devam ediliyor","runId":"c4b1af04-2616-435a-a8b3-e6dc624a1dd2","meta":{"runId":"c4b1af04-2616-435a-a8b3-e6dc624a1dd2"}}
{"ts":"2026-04-11T14:50:06.116Z","level":"info","message":"[scan-map-live] Seat map açıldı, SVG bekleniyor...","runId":"c4b1af04-2616-435a-a8b3-e6dc624a1dd2","meta":{"runId":"c4b1af04-2616-435a-a8b3-e6dc624a1dd2"}}
{"ts":"2026-04-11T14:50:06.126Z","level":"info","message":"[scan-map-live] Seat map SVG hazır","runId":"c4b1af04-2616-435a-a8b3-e6dc624a1dd2","meta":{"runId":"c4b1af04-2616-435a-a8b3-e6dc624a1dd2"}}
{"ts":"2026-04-11T14:50:06.127Z","level":"info","message":"[scan-map-live] Koltuk seçim/SVG harita hazır, block taraması başladı...","runId":"c4b1af04-2616-435a-a8b3-e6dc624a1dd2","meta":{"runId":"c4b1af04-2616-435a-a8b3-e6dc624a1dd2"}}
{"ts":"2026-04-11T14:50:06.128Z","level":"info","message":"[scan-map-live] SVG layout bekleniyor...","runId":"c4b1af04-2616-435a-a8b3-e6dc624a1dd2","meta":{"runId":"c4b1af04-2616-435a-a8b3-e6dc624a1dd2","maxProbe":100}}
{"ts":"2026-04-11T14:50:06.143Z","level":"info","message":"[scan-map-live] Block ID listesi çıkarıldı","runId":"c4b1af04-2616-435a-a8b3-e6dc624a1dd2","meta":{"runId":"c4b1af04-2616-435a-a8b3-e6dc624a1dd2","count":83}}
{"ts":"2026-04-11T14:50:06.380Z","level":"info","message":"[scan-map-live] Block probe tamam","runId":"c4b1af04-2616-435a-a8b3-e6dc624a1dd2","meta":{"runId":"c4b1af04-2616-435a-a8b3-e6dc624a1dd2","blockId":"block17363","hasTooltip":false,"confidence":22}}
{"ts":"2026-04-11T14:50:06.628Z","level":"info","message":"[scan-map-live] Block probe tamam","runId":"c4b1af04-2616-435a-a8b3-e6dc624a1dd2","meta":{"runId":"c4b1af04-2616-435a-a8b3-e6dc624a1dd2","blockId":"block38371","hasTooltip":true,"confidence":78}}
{"ts":"2026-04-11T14:50:06.894Z","level":"info","message":"[scan-map-live] Block probe tamam","runId":"c4b1af04-2616-435a-a8b3-e6dc624a1dd2","meta":{"runId":"c4b1af04-2616-435a-a8b3-e6dc624a1dd2","blockId":"block38855","hasTooltip":true,"confidence":78}}
{"ts":"2026-04-11T14:50:07.143Z","level":"info","message":"[scan-map-live] Block probe tamam","runId":"c4b1af04-2616-435a-a8b3-e6dc624a1dd2","meta":{"runId":"c4b1af04-2616-435a-a8b3-e6dc624a1dd2","blockId":"block38851","hasTooltip":true,"confidence":78}}
{"ts":"2026-04-11T14:50:07.388Z","level":"info","message":"[scan-map-live] Block probe tamam","runId":"c4b1af04-2616-435a-a8b3-e6dc624a1dd2","meta":{"runId":"c4b1af04-2616-435a-a8b3-e6dc624a1dd2","blockId":"block18337","hasTooltip":true,"confidence":78}}
{"ts":"2026-04-11T14:50:07.638Z","level":"info","message":"[scan-map-live] Block probe tamam","runId":"c4b1af04-2616-435a-a8b3-e6dc624a1dd2","meta":{"runId":"c4b1af04-2616-435a-a8b3-e6dc624a1dd2","blockId":"block18342","hasTooltip":true,"confidence":78}}
{"ts":"2026-04-11T14:50:07.888Z","level":"info","message":"[scan-map-live] Block probe tamam","runId":"c4b1af04-2616-435a-a8b3-e6dc624a1dd2","meta":{"runId":"c4b1af04-2616-435a-a8b3-e6dc624a1dd2","blockId":"block18345","hasTooltip":true,"confidence":78}}
{"ts":"2026-04-11T14:50:08.131Z","level":"info","message":"[scan-map-live] Block probe tamam","runId":"c4b1af04-2616-435a-a8b3-e6dc624a1dd2","meta":{"runId":"c4b1af04-2616-435a-a8b3-e6dc624a1dd2","blockId":"block17847","hasTooltip":true,"confidence":78}}
{"ts":"2026-04-11T14:50:08.360Z","level":"info","message":"[scan-map-live] Block probe tamam","runId":"c4b1af04-2616-435a-a8b3-e6dc624a1dd2","meta":{"runId":"c4b1af04-2616-435a-a8b3-e6dc624a1dd2","blockId":"block17848","hasTooltip":true,"confidence":78}}
{"ts":"2026-04-11T14:50:08.609Z","level":"info","message":"[scan-map-live] Block probe tamam","runId":"c4b1af04-2616-435a-a8b3-e6dc624a1dd2","meta":{"runId":"c4b1af04-2616-435a-a8b3-e6dc624a1dd2","blockId":"block38921","hasTooltip":true,"confidence":78}}
{"ts":"2026-04-11T14:50:08.843Z","level":"info","message":"[scan-map-live] Block probe tamam","runId":"c4b1af04-2616-435a-a8b3-e6dc624a1dd2","meta":{"runId":"c4b1af04-2616-435a-a8b3-e6dc624a1dd2","blockId":"block39871","hasTooltip":true,"confidence":78}}
{"ts":"2026-04-11T14:50:09.090Z","level":"info","message":"[scan-map-live] Block probe tamam","runId":"c4b1af04-2616-435a-a8b3-e6dc624a1dd2","meta":{"runId":"c4b1af04-2616-435a-a8b3-e6dc624a1dd2","blockId":"block39872","hasTooltip":true,"confidence":78}}
{"ts":"2026-04-11T14:50:09.323Z","level":"info","message":"[scan-map-live] Block probe tamam","runId":"c4b1af04-2616-435a-a8b3-e6dc624a1dd2","meta":{"runId":"c4b1af04-2616-435a-a8b3-e6dc624a1dd2","blockId":"block17849","hasTooltip":true,"confidence":78}}
{"ts":"2026-04-11T14:50:09.570Z","level":"info","message":"[scan-map-live] Block probe tamam","runId":"c4b1af04-2616-435a-a8b3-e6dc624a1dd2","meta":{"runId":"c4b1af04-2616-435a-a8b3-e6dc624a1dd2","blockId":"block40386","hasTooltip":true,"confidence":78}}
{"ts":"2026-04-11T14:50:09.819Z","level":"info","message":"[scan-map-live] Block probe tamam","runId":"c4b1af04-2616-435a-a8b3-e6dc624a1dd2","meta":{"runId":"c4b1af04-2616-435a-a8b3-e6dc624a1dd2","blockId":"block18347","hasTooltip":true,"confidence":78}}
{"ts":"2026-04-11T14:50:10.051Z","level":"info","message":"[scan-map-live] Block probe tamam","runId":"c4b1af04-2616-435a-a8b3-e6dc624a1dd2","meta":{"runId":"c4b1af04-2616-435a-a8b3-e6dc624a1dd2","blockId":"block17850","hasTooltip":true,"confidence":78}}
{"ts":"2026-04-11T14:50:10.285Z","level":"info","message":"[scan-map-live] Block probe tamam","runId":"c4b1af04-2616-435a-a8b3-e6dc624a1dd2","meta":{"runId":"c4b1af04-2616-435a-a8b3-e6dc624a1dd2","blockId":"block18348","hasTooltip":true,"confidence":78}}
{"ts":"2026-04-11T14:50:10.518Z","level":"info","message":"[scan-map-live] Block probe tamam","runId":"c4b1af04-2616-435a-a8b3-e6dc624a1dd2","meta":{"runId":"c4b1af04-2616-435a-a8b3-e6dc624a1dd2","blockId":"block40396","hasTooltip":true,"confidence":78}}
{"ts":"2026-04-11T14:50:10.752Z","level":"info","message":"[scan-map-live] Block probe tamam","runId":"c4b1af04-2616-435a-a8b3-e6dc624a1dd2","meta":{"runId":"c4b1af04-2616-435a-a8b3-e6dc624a1dd2","blockId":"block39878","hasTooltip":true,"confidence":78}}
{"ts":"2026-04-11T14:50:10.999Z","level":"info","message":"[scan-map-live] Block probe tamam","runId":"c4b1af04-2616-435a-a8b3-e6dc624a1dd2","meta":{"runId":"c4b1af04-2616-435a-a8b3-e6dc624a1dd2","blockId":"block18350","hasTooltip":true,"confidence":78}}
{"ts":"2026-04-11T14:50:11.234Z","level":"info","message":"[scan-map-live] Block probe tamam","runId":"c4b1af04-2616-435a-a8b3-e6dc624a1dd2","meta":{"runId":"c4b1af04-2616-435a-a8b3-e6dc624a1dd2","blockId":"block39896","hasTooltip":true,"confidence":78}}
{"ts":"2026-04-11T14:50:11.470Z","level":"info","message":"[scan-map-live] Block probe tamam","runId":"c4b1af04-2616-435a-a8b3-e6dc624a1dd2","meta":{"runId":"c4b1af04-2616-435a-a8b3-e6dc624a1dd2","blockId":"block40405","hasTooltip":true,"confidence":78}}
{"ts":"2026-04-11T14:50:11.704Z","level":"info","message":"[scan-map-live] Block probe tamam","runId":"c4b1af04-2616-435a-a8b3-e6dc624a1dd2","meta":{"runId":"c4b1af04-2616-435a-a8b3-e6dc624a1dd2","blockId":"block39903","hasTooltip":true,"confidence":78}}
{"ts":"2026-04-11T14:50:11.953Z","level":"info","message":"[scan-map-live] Block probe tamam","runId":"c4b1af04-2616-435a-a8b3-e6dc624a1dd2","meta":{"runId":"c4b1af04-2616-435a-a8b3-e6dc624a1dd2","blockId":"block17851","hasTooltip":false,"confidence":22}}
{"ts":"2026-04-11T14:50:12.205Z","level":"info","message":"[scan-map-live] Block probe tamam","runId":"c4b1af04-2616-435a-a8b3-e6dc624a1dd2","meta":{"runId":"c4b1af04-2616-435a-a8b3-e6dc624a1dd2","blockId":"block18351","hasTooltip":true,"confidence":78}}
{"ts":"2026-04-11T14:50:12.456Z","level":"info","message":"[scan-map-live] Block probe tamam","runId":"c4b1af04-2616-435a-a8b3-e6dc624a1dd2","meta":{"runId":"c4b1af04-2616-435a-a8b3-e6dc624a1dd2","blockId":"block17852","hasTooltip":true,"confidence":78}}
{"ts":"2026-04-11T14:50:12.706Z","level":"info","message":"[scan-map-live] Block probe tamam","runId":"c4b1af04-2616-435a-a8b3-e6dc624a1dd2","meta":{"runId":"c4b1af04-2616-435a-a8b3-e6dc624a1dd2","blockId":"block39905","hasTooltip":true,"confidence":78}}
{"ts":"2026-04-11T14:50:12.943Z","level":"info","message":"[scan-map-live] Block probe tamam","runId":"c4b1af04-2616-435a-a8b3-e6dc624a1dd2","meta":{"runId":"c4b1af04-2616-435a-a8b3-e6dc624a1dd2","blockId":"block42362","hasTooltip":true,"confidence":78}}
{"ts":"2026-04-11T14:50:13.176Z","level":"info","message":"[scan-map-live] Block probe tamam","runId":"c4b1af04-2616-435a-a8b3-e6dc624a1dd2","meta":{"runId":"c4b1af04-2616-435a-a8b3-e6dc624a1dd2","blockId":"block42373","hasTooltip":true,"confidence":78}}
{"ts":"2026-04-11T14:50:13.407Z","level":"info","message":"[scan-map-live] Block probe tamam","runId":"c4b1af04-2616-435a-a8b3-e6dc624a1dd2","meta":{"runId":"c4b1af04-2616-435a-a8b3-e6dc624a1dd2","blockId":"block17859","hasTooltip":false,"confidence":22}}
{"ts":"2026-04-11T14:50:13.647Z","level":"info","message":"[scan-map-live] Block probe tamam","runId":"c4b1af04-2616-435a-a8b3-e6dc624a1dd2","meta":{"runId":"c4b1af04-2616-435a-a8b3-e6dc624a1dd2","blockId":"block17858","hasTooltip":true,"confidence":78}}
{"ts":"2026-04-11T14:50:13.880Z","level":"info","message":"[scan-map-live] Block probe tamam","runId":"c4b1af04-2616-435a-a8b3-e6dc624a1dd2","meta":{"runId":"c4b1af04-2616-435a-a8b3-e6dc624a1dd2","blockId":"block17860","hasTooltip":true,"confidence":78}}
{"ts":"2026-04-11T14:50:14.128Z","level":"info","message":"[scan-map-live] Block probe tamam","runId":"c4b1af04-2616-435a-a8b3-e6dc624a1dd2","meta":{"runId":"c4b1af04-2616-435a-a8b3-e6dc624a1dd2","blockId":"block42375","hasTooltip":true,"confidence":78}}
{"ts":"2026-04-11T14:50:14.361Z","level":"info","message":"[scan-map-live] Block probe tamam","runId":"c4b1af04-2616-435a-a8b3-e6dc624a1dd2","meta":{"runId":"c4b1af04-2616-435a-a8b3-e6dc624a1dd2","blockId":"block36334","hasTooltip":false,"confidence":22}}
{"ts":"2026-04-11T14:50:14.594Z","level":"info","message":"[scan-map-live] Block probe tamam","runId":"c4b1af04-2616-435a-a8b3-e6dc624a1dd2","meta":{"runId":"c4b1af04-2616-435a-a8b3-e6dc624a1dd2","blockId":"block41889","hasTooltip":false,"confidence":22}}
{"ts":"2026-04-11T14:50:14.845Z","level":"info","message":"[scan-map-live] Block probe tamam","runId":"c4b1af04-2616-435a-a8b3-e6dc624a1dd2","meta":{"runId":"c4b1af04-2616-435a-a8b3-e6dc624a1dd2","blockId":"block17862","hasTooltip":true,"confidence":78}}
{"ts":"2026-04-11T14:50:15.078Z","level":"info","message":"[scan-map-live] Block probe tamam","runId":"c4b1af04-2616-435a-a8b3-e6dc624a1dd2","meta":{"runId":"c4b1af04-2616-435a-a8b3-e6dc624a1dd2","blockId":"block35342","hasTooltip":true,"confidence":78}}
{"ts":"2026-04-11T14:50:15.310Z","level":"info","message":"[scan-map-live] Block probe tamam","runId":"c4b1af04-2616-435a-a8b3-e6dc624a1dd2","meta":{"runId":"c4b1af04-2616-435a-a8b3-e6dc624a1dd2","blockId":"block35344","hasTooltip":true,"confidence":78}}
{"ts":"2026-04-11T14:50:15.544Z","level":"info","message":"[scan-map-live] Block probe tamam","runId":"c4b1af04-2616-435a-a8b3-e6dc624a1dd2","meta":{"runId":"c4b1af04-2616-435a-a8b3-e6dc624a1dd2","blockId":"block35345","hasTooltip":true,"confidence":78}}
{"ts":"2026-04-11T14:50:15.778Z","level":"info","message":"[scan-map-live] Block probe tamam","runId":"c4b1af04-2616-435a-a8b3-e6dc624a1dd2","meta":{"runId":"c4b1af04-2616-435a-a8b3-e6dc624a1dd2","blockId":"block35846","hasTooltip":false,"confidence":22}}
{"ts":"2026-04-11T14:50:16.044Z","level":"info","message":"[scan-map-live] Block probe tamam","runId":"c4b1af04-2616-435a-a8b3-e6dc624a1dd2","meta":{"runId":"c4b1af04-2616-435a-a8b3-e6dc624a1dd2","blockId":"block35341","hasTooltip":false,"confidence":22}}
{"ts":"2026-04-11T14:50:16.290Z","level":"info","message":"[scan-map-live] Block probe tamam","runId":"c4b1af04-2616-435a-a8b3-e6dc624a1dd2","meta":{"runId":"c4b1af04-2616-435a-a8b3-e6dc624a1dd2","blockId":"block41891","hasTooltip":true,"confidence":78}}
{"ts":"2026-04-11T14:50:16.544Z","level":"info","message":"[scan-map-live] Block probe tamam","runId":"c4b1af04-2616-435a-a8b3-e6dc624a1dd2","meta":{"runId":"c4b1af04-2616-435a-a8b3-e6dc624a1dd2","blockId":"block42385","hasTooltip":true,"confidence":78}}
{"ts":"2026-04-11T14:50:16.789Z","level":"info","message":"[scan-map-live] Block probe tamam","runId":"c4b1af04-2616-435a-a8b3-e6dc624a1dd2","meta":{"runId":"c4b1af04-2616-435a-a8b3-e6dc624a1dd2","blockId":"block42387","hasTooltip":true,"confidence":78}}
{"ts":"2026-04-11T14:50:17.036Z","level":"info","message":"[scan-map-live] Block probe tamam","runId":"c4b1af04-2616-435a-a8b3-e6dc624a1dd2","meta":{"runId":"c4b1af04-2616-435a-a8b3-e6dc624a1dd2","blockId":"block43335","hasTooltip":true,"confidence":78}}
{"ts":"2026-04-11T14:50:17.257Z","level":"info","message":"[scan-map-live] Block probe tamam","runId":"c4b1af04-2616-435a-a8b3-e6dc624a1dd2","meta":{"runId":"c4b1af04-2616-435a-a8b3-e6dc624a1dd2","blockId":"block42837","hasTooltip":true,"confidence":78}}
{"ts":"2026-04-11T14:50:17.493Z","level":"info","message":"[scan-map-live] Block probe tamam","runId":"c4b1af04-2616-435a-a8b3-e6dc624a1dd2","meta":{"runId":"c4b1af04-2616-435a-a8b3-e6dc624a1dd2","blockId":"block60344","hasTooltip":true,"confidence":78}}
{"ts":"2026-04-11T14:50:17.744Z","level":"info","message":"[scan-map-live] Block probe tamam","runId":"c4b1af04-2616-435a-a8b3-e6dc624a1dd2","meta":{"runId":"c4b1af04-2616-435a-a8b3-e6dc624a1dd2","blockId":"block61336","hasTooltip":true,"confidence":78}}
{"ts":"2026-04-11T14:50:17.978Z","level":"info","message":"[scan-map-live] Block probe tamam","runId":"c4b1af04-2616-435a-a8b3-e6dc624a1dd2","meta":{"runId":"c4b1af04-2616-435a-a8b3-e6dc624a1dd2","blockId":"block60340","hasTooltip":true,"confidence":78}}
{"ts":"2026-04-11T14:50:18.210Z","level":"info","message":"[scan-map-live] Block probe tamam","runId":"c4b1af04-2616-435a-a8b3-e6dc624a1dd2","meta":{"runId":"c4b1af04-2616-435a-a8b3-e6dc624a1dd2","blockId":"block61335","hasTooltip":false,"confidence":22}}
{"ts":"2026-04-11T14:50:18.445Z","level":"info","message":"[scan-map-live] Block probe tamam","runId":"c4b1af04-2616-435a-a8b3-e6dc624a1dd2","meta":{"runId":"c4b1af04-2616-435a-a8b3-e6dc624a1dd2","blockId":"block60338","hasTooltip":false,"confidence":22}}
{"ts":"2026-04-11T14:50:18.678Z","level":"info","message":"[scan-map-live] Block probe tamam","runId":"c4b1af04-2616-435a-a8b3-e6dc624a1dd2","meta":{"runId":"c4b1af04-2616-435a-a8b3-e6dc624a1dd2","blockId":"block617354","hasTooltip":true,"confidence":78}}
{"ts":"2026-04-11T14:50:18.911Z","level":"info","message":"[scan-map-live] Block probe tamam","runId":"c4b1af04-2616-435a-a8b3-e6dc624a1dd2","meta":{"runId":"c4b1af04-2616-435a-a8b3-e6dc624a1dd2","blockId":"block43339","hasTooltip":true,"confidence":78}}
{"ts":"2026-04-11T14:50:19.150Z","level":"info","message":"[scan-map-live] Block probe tamam","runId":"c4b1af04-2616-435a-a8b3-e6dc624a1dd2","meta":{"runId":"c4b1af04-2616-435a-a8b3-e6dc624a1dd2","blockId":"block38913","hasTooltip":true,"confidence":78}}
{"ts":"2026-04-11T14:50:19.380Z","level":"info","message":"[scan-map-live] Block probe tamam","runId":"c4b1af04-2616-435a-a8b3-e6dc624a1dd2","meta":{"runId":"c4b1af04-2616-435a-a8b3-e6dc624a1dd2","blockId":"block38388","hasTooltip":true,"confidence":78}}
{"ts":"2026-04-11T14:50:19.615Z","level":"info","message":"[scan-map-live] Block probe tamam","runId":"c4b1af04-2616-435a-a8b3-e6dc624a1dd2","meta":{"runId":"c4b1af04-2616-435a-a8b3-e6dc624a1dd2","blockId":"block38391","hasTooltip":true,"confidence":78}}
{"ts":"2026-04-11T14:50:19.849Z","level":"info","message":"[scan-map-live] Block probe tamam","runId":"c4b1af04-2616-435a-a8b3-e6dc624a1dd2","meta":{"runId":"c4b1af04-2616-435a-a8b3-e6dc624a1dd2","blockId":"block59337","hasTooltip":false,"confidence":22}}
{"ts":"2026-04-11T14:50:20.082Z","level":"info","message":"[scan-map-live] Block probe tamam","runId":"c4b1af04-2616-435a-a8b3-e6dc624a1dd2","meta":{"runId":"c4b1af04-2616-435a-a8b3-e6dc624a1dd2","blockId":"block58339","hasTooltip":true,"confidence":78}}
{"ts":"2026-04-11T14:50:20.315Z","level":"info","message":"[scan-map-live] Block probe tamam","runId":"c4b1af04-2616-435a-a8b3-e6dc624a1dd2","meta":{"runId":"c4b1af04-2616-435a-a8b3-e6dc624a1dd2","blockId":"block58338","hasTooltip":true,"confidence":78}}
{"ts":"2026-04-11T14:50:20.549Z","level":"info","message":"[scan-map-live] Block probe tamam","runId":"c4b1af04-2616-435a-a8b3-e6dc624a1dd2","meta":{"runId":"c4b1af04-2616-435a-a8b3-e6dc624a1dd2","blockId":"block44374","hasTooltip":true,"confidence":78}}
{"ts":"2026-04-11T14:50:20.781Z","level":"info","message":"[scan-map-live] Block probe tamam","runId":"c4b1af04-2616-435a-a8b3-e6dc624a1dd2","meta":{"runId":"c4b1af04-2616-435a-a8b3-e6dc624a1dd2","blockId":"block44370","hasTooltip":true,"confidence":78}}
{"ts":"2026-04-11T14:50:21.017Z","level":"info","message":"[scan-map-live] Block probe tamam","runId":"c4b1af04-2616-435a-a8b3-e6dc624a1dd2","meta":{"runId":"c4b1af04-2616-435a-a8b3-e6dc624a1dd2","blockId":"block43845","hasTooltip":true,"confidence":78}}
{"ts":"2026-04-11T14:50:21.293Z","level":"info","message":"[scan-map-live] Block probe tamam","runId":"c4b1af04-2616-435a-a8b3-e6dc624a1dd2","meta":{"runId":"c4b1af04-2616-435a-a8b3-e6dc624a1dd2","blockId":"block43870","hasTooltip":true,"confidence":78}}
{"ts":"2026-04-11T14:50:21.530Z","level":"info","message":"[scan-map-live] Block probe tamam","runId":"c4b1af04-2616-435a-a8b3-e6dc624a1dd2","meta":{"runId":"c4b1af04-2616-435a-a8b3-e6dc624a1dd2","blockId":"block43871","hasTooltip":true,"confidence":78}}
{"ts":"2026-04-11T14:50:21.761Z","level":"info","message":"[scan-map-live] Block probe tamam","runId":"c4b1af04-2616-435a-a8b3-e6dc624a1dd2","meta":{"runId":"c4b1af04-2616-435a-a8b3-e6dc624a1dd2","blockId":"block49334","hasTooltip":true,"confidence":78}}
{"ts":"2026-04-11T14:50:22.010Z","level":"info","message":"[scan-map-live] Block probe tamam","runId":"c4b1af04-2616-435a-a8b3-e6dc624a1dd2","meta":{"runId":"c4b1af04-2616-435a-a8b3-e6dc624a1dd2","blockId":"block58334","hasTooltip":true,"confidence":78}}
{"ts":"2026-04-11T14:50:22.263Z","level":"info","message":"[scan-map-live] Block probe tamam","runId":"c4b1af04-2616-435a-a8b3-e6dc624a1dd2","meta":{"runId":"c4b1af04-2616-435a-a8b3-e6dc624a1dd2","blockId":"block59334","hasTooltip":true,"confidence":78}}
{"ts":"2026-04-11T14:50:22.512Z","level":"info","message":"[scan-map-live] Block probe tamam","runId":"c4b1af04-2616-435a-a8b3-e6dc624a1dd2","meta":{"runId":"c4b1af04-2616-435a-a8b3-e6dc624a1dd2","blockId":"block58335","hasTooltip":true,"confidence":78}}
{"ts":"2026-04-11T14:50:22.755Z","level":"info","message":"[scan-map-live] Block probe tamam","runId":"c4b1af04-2616-435a-a8b3-e6dc624a1dd2","meta":{"runId":"c4b1af04-2616-435a-a8b3-e6dc624a1dd2","blockId":"block58336","hasTooltip":true,"confidence":78}}
{"ts":"2026-04-11T14:50:23.004Z","level":"info","message":"[scan-map-live] Block probe tamam","runId":"c4b1af04-2616-435a-a8b3-e6dc624a1dd2","meta":{"runId":"c4b1af04-2616-435a-a8b3-e6dc624a1dd2","blockId":"block59335","hasTooltip":true,"confidence":78}}
{"ts":"2026-04-11T14:50:23.252Z","level":"info","message":"[scan-map-live] Block probe tamam","runId":"c4b1af04-2616-435a-a8b3-e6dc624a1dd2","meta":{"runId":"c4b1af04-2616-435a-a8b3-e6dc624a1dd2","blockId":"block58337","hasTooltip":false,"confidence":22}}
{"ts":"2026-04-11T14:50:23.482Z","level":"info","message":"[scan-map-live] Block probe tamam","runId":"c4b1af04-2616-435a-a8b3-e6dc624a1dd2","meta":{"runId":"c4b1af04-2616-435a-a8b3-e6dc624a1dd2","blockId":"block59336","hasTooltip":false,"confidence":22}}
{"ts":"2026-04-11T14:50:23.718Z","level":"info","message":"[scan-map-live] Block probe tamam","runId":"c4b1af04-2616-435a-a8b3-e6dc624a1dd2","meta":{"runId":"c4b1af04-2616-435a-a8b3-e6dc624a1dd2","blockId":"block58340","hasTooltip":true,"confidence":78}}
{"ts":"2026-04-11T14:50:23.952Z","level":"info","message":"[scan-map-live] Block probe tamam","runId":"c4b1af04-2616-435a-a8b3-e6dc624a1dd2","meta":{"runId":"c4b1af04-2616-435a-a8b3-e6dc624a1dd2","blockId":"block59338","hasTooltip":true,"confidence":78}}
{"ts":"2026-04-11T14:50:24.187Z","level":"info","message":"[scan-map-live] Block probe tamam","runId":"c4b1af04-2616-435a-a8b3-e6dc624a1dd2","meta":{"runId":"c4b1af04-2616-435a-a8b3-e6dc624a1dd2","blockId":"block60334","hasTooltip":true,"confidence":78}}
{"ts":"2026-04-11T14:50:24.435Z","level":"info","message":"[scan-map-live] Block probe tamam","runId":"c4b1af04-2616-435a-a8b3-e6dc624a1dd2","meta":{"runId":"c4b1af04-2616-435a-a8b3-e6dc624a1dd2","blockId":"block60335","hasTooltip":true,"confidence":78}}
{"ts":"2026-04-11T14:50:24.666Z","level":"info","message":"[scan-map-live] Block probe tamam","runId":"c4b1af04-2616-435a-a8b3-e6dc624a1dd2","meta":{"runId":"c4b1af04-2616-435a-a8b3-e6dc624a1dd2","blockId":"block61334","hasTooltip":true,"confidence":78}}
{"ts":"2026-04-11T14:50:24.902Z","level":"info","message":"[scan-map-live] Block probe tamam","runId":"c4b1af04-2616-435a-a8b3-e6dc624a1dd2","meta":{"runId":"c4b1af04-2616-435a-a8b3-e6dc624a1dd2","blockId":"block60337","hasTooltip":true,"confidence":78}}
{"ts":"2026-04-11T14:50:25.134Z","level":"info","message":"[scan-map-live] Block probe tamam","runId":"c4b1af04-2616-435a-a8b3-e6dc624a1dd2","meta":{"runId":"c4b1af04-2616-435a-a8b3-e6dc624a1dd2","blockId":"block60336","hasTooltip":true,"confidence":78}}
{"ts":"2026-04-11T14:50:25.368Z","level":"info","message":"[scan-map-live] Block probe tamam","runId":"c4b1af04-2616-435a-a8b3-e6dc624a1dd2","meta":{"runId":"c4b1af04-2616-435a-a8b3-e6dc624a1dd2","blockId":"block60341","hasTooltip":true,"confidence":78}}
{"ts":"2026-04-11T14:50:25.616Z","level":"info","message":"[scan-map-live] Block probe tamam","runId":"c4b1af04-2616-435a-a8b3-e6dc624a1dd2","meta":{"runId":"c4b1af04-2616-435a-a8b3-e6dc624a1dd2","blockId":"block60343","hasTooltip":true,"confidence":78}}
{"ts":"2026-04-11T14:50:25.852Z","level":"info","message":"[scan-map-live] Block probe tamam","runId":"c4b1af04-2616-435a-a8b3-e6dc624a1dd2","meta":{"runId":"c4b1af04-2616-435a-a8b3-e6dc624a1dd2","blockId":"block61337","hasTooltip":true,"confidence":78}}
{"ts":"2026-04-11T14:50:26.082Z","level":"info","message":"[scan-map-live] Block probe tamam","runId":"c4b1af04-2616-435a-a8b3-e6dc624a1dd2","meta":{"runId":"c4b1af04-2616-435a-a8b3-e6dc624a1dd2","blockId":"block60345","hasTooltip":true,"confidence":78}}
{"ts":"2026-04-11T14:50:26.087Z","level":"info","message":"[scan-map-live] Canlı tarama tamamlandı","runId":"c4b1af04-2616-435a-a8b3-e6dc624a1dd2","meta":{"runId":"c4b1af04-2616-435a-a8b3-e6dc624a1dd2","count":83}}
