{"ts":"2026-04-08T03:02:05.926Z","level":"info","message":"[scan-map-live] Canlı scan run başlatıldı","runId":"a57ccdfd-5a75-4424-9de6-2ca1d23b6309","meta":{"runId":"a57ccdfd-5a75-4424-9de6-2ca1d23b6309","teamId":"69c405fbdb783011c5a0d859","eventAddress":"https://www.passo.com.tr/tr/kombine/galatasaray-lig-paketi/639746","maxProbe":30}}
{"ts":"2026-04-08T03:02:05.928Z","level":"info","message":"[scan-map-live] Rastgele takım hesabı seçiliyor...","runId":"a57ccdfd-5a75-4424-9de6-2ca1d23b6309","meta":{"runId":"a57ccdfd-5a75-4424-9de6-2ca1d23b6309"}}
{"ts":"2026-04-08T03:02:05.934Z","level":"warn","message":"[scan-map-live] Proxy kullanımı kapalı, doğrudan bağlantı deneniyor","runId":"a57ccdfd-5a75-4424-9de6-2ca1d23b6309","meta":{"runId":"a57ccdfd-5a75-4424-9de6-2ca1d23b6309"}}
{"ts":"2026-04-08T03:02:05.933Z","level":"info","message":"[scan-map-live] Hesap seçildi","runId":"a57ccdfd-5a75-4424-9de6-2ca1d23b6309","meta":{"runId":"a57ccdfd-5a75-4424-9de6-2ca1d23b6309","email":"archiechamberlain@aj.com.tr","credentialId":"69c40b9f3a0933c48dab5bbb"}}
{"ts":"2026-04-08T03:02:05.935Z","level":"info","message":"[scan-map-live] Tarayıcı açılıyor (ana bot akışı)...","runId":"a57ccdfd-5a75-4424-9de6-2ca1d23b6309","meta":{"runId":"a57ccdfd-5a75-4424-9de6-2ca1d23b6309","profileDir":"C:\\Users\\alavh\\AppData\\Local\\Temp\\passo-scan-live-HDsssE"}}
{"ts":"2026-04-08T03:02:05.936Z","level":"info","message":"[scan-map-live] Passo login + turnstile/captcha çözüm adımları başlatıldı...","runId":"a57ccdfd-5a75-4424-9de6-2ca1d23b6309","meta":{"runId":"a57ccdfd-5a75-4424-9de6-2ca1d23b6309"}}
{"ts":"2026-04-08T03:03:24.856Z","level":"info","message":"[scan-map-live] Login adımı tamamlandı, evente gidiliyor ve koltuk haritası açılıyor...","runId":"a57ccdfd-5a75-4424-9de6-2ca1d23b6309","meta":{"runId":"a57ccdfd-5a75-4424-9de6-2ca1d23b6309"}}
{"ts":"2026-04-08T03:03:24.857Z","level":"info","message":"[scan-map-live] Seat map hazırlığı başladı","runId":"a57ccdfd-5a75-4424-9de6-2ca1d23b6309","meta":{"runId":"a57ccdfd-5a75-4424-9de6-2ca1d23b6309","eventUrl":"https://www.passo.com.tr/tr/kombine/galatasaray-lig-paketi/639746","seatUrl":"https://www.passo.com.tr/tr/kombine/galatasaray-lig-paketi/639746/koltuk-secim"}}
{"ts":"2026-04-08T03:03:24.858Z","level":"info","message":"[scan-map-live] Event sayfasına gidiliyor","runId":"a57ccdfd-5a75-4424-9de6-2ca1d23b6309","meta":{"runId":"a57ccdfd-5a75-4424-9de6-2ca1d23b6309","eventUrl":"https://www.passo.com.tr/tr/kombine/galatasaray-lig-paketi/639746"}}
{"ts":"2026-04-08T03:03:25.096Z","level":"info","message":"[scan-map-live] Koltuk seçim URL çağrılıyor","runId":"a57ccdfd-5a75-4424-9de6-2ca1d23b6309","meta":{"runId":"a57ccdfd-5a75-4424-9de6-2ca1d23b6309","seatUrl":"https://www.passo.com.tr/tr/kombine/galatasaray-lig-paketi/639746/koltuk-secim"}}
{"ts":"2026-04-08T03:03:25.334Z","level":"info","message":"[scan-map-live] Koltuk seçim URL sonrası durum","runId":"a57ccdfd-5a75-4424-9de6-2ca1d23b6309","meta":{"runId":"a57ccdfd-5a75-4424-9de6-2ca1d23b6309","currentUrl":"https://www.passo.com.tr/tr/kombine/galatasaray-lig-paketi/639746/koltuk-secim"}}
{"ts":"2026-04-08T03:03:25.335Z","level":"info","message":"[scan-map-live] openSeatMapStrict çağrılıyor...","runId":"a57ccdfd-5a75-4424-9de6-2ca1d23b6309","meta":{"runId":"a57ccdfd-5a75-4424-9de6-2ca1d23b6309"}}
{"ts":"2026-04-08T03:03:43.931Z","level":"warn","message":"[scan-map-live] openSeatMapStrict false döndü ama SVG zaten mevcut, taramaya devam ediliyor","runId":"a57ccdfd-5a75-4424-9de6-2ca1d23b6309","meta":{"runId":"a57ccdfd-5a75-4424-9de6-2ca1d23b6309"}}
{"ts":"2026-04-08T03:03:43.932Z","level":"info","message":"[scan-map-live] Seat map açıldı, SVG bekleniyor...","runId":"a57ccdfd-5a75-4424-9de6-2ca1d23b6309","meta":{"runId":"a57ccdfd-5a75-4424-9de6-2ca1d23b6309"}}
{"ts":"2026-04-08T03:03:43.939Z","level":"info","message":"[scan-map-live] Seat map SVG hazır","runId":"a57ccdfd-5a75-4424-9de6-2ca1d23b6309","meta":{"runId":"a57ccdfd-5a75-4424-9de6-2ca1d23b6309"}}
{"ts":"2026-04-08T03:03:43.940Z","level":"info","message":"[scan-map-live] Koltuk seçim/SVG harita hazır, block taraması başladı...","runId":"a57ccdfd-5a75-4424-9de6-2ca1d23b6309","meta":{"runId":"a57ccdfd-5a75-4424-9de6-2ca1d23b6309"}}
{"ts":"2026-04-08T03:03:43.941Z","level":"info","message":"[scan-map-live] SVG layout bekleniyor...","runId":"a57ccdfd-5a75-4424-9de6-2ca1d23b6309","meta":{"runId":"a57ccdfd-5a75-4424-9de6-2ca1d23b6309","maxProbe":30}}
{"ts":"2026-04-08T03:03:43.954Z","level":"info","message":"[scan-map-live] Block ID listesi çıkarıldı","runId":"a57ccdfd-5a75-4424-9de6-2ca1d23b6309","meta":{"runId":"a57ccdfd-5a75-4424-9de6-2ca1d23b6309","count":30}}
{"ts":"2026-04-08T03:03:44.178Z","level":"info","message":"[scan-map-live] Block probe tamam","runId":"a57ccdfd-5a75-4424-9de6-2ca1d23b6309","meta":{"runId":"a57ccdfd-5a75-4424-9de6-2ca1d23b6309","blockId":"block17363","hasTooltip":false,"confidence":22}}
{"ts":"2026-04-08T03:03:44.425Z","level":"info","message":"[scan-map-live] Block probe tamam","runId":"a57ccdfd-5a75-4424-9de6-2ca1d23b6309","meta":{"runId":"a57ccdfd-5a75-4424-9de6-2ca1d23b6309","blockId":"block38371","hasTooltip":true,"confidence":78}}
{"ts":"2026-04-08T03:03:44.673Z","level":"info","message":"[scan-map-live] Block probe tamam","runId":"a57ccdfd-5a75-4424-9de6-2ca1d23b6309","meta":{"runId":"a57ccdfd-5a75-4424-9de6-2ca1d23b6309","blockId":"block38855","hasTooltip":true,"confidence":78}}
{"ts":"2026-04-08T03:03:44.921Z","level":"info","message":"[scan-map-live] Block probe tamam","runId":"a57ccdfd-5a75-4424-9de6-2ca1d23b6309","meta":{"runId":"a57ccdfd-5a75-4424-9de6-2ca1d23b6309","blockId":"block38851","hasTooltip":true,"confidence":78}}
{"ts":"2026-04-08T03:03:45.152Z","level":"info","message":"[scan-map-live] Block probe tamam","runId":"a57ccdfd-5a75-4424-9de6-2ca1d23b6309","meta":{"runId":"a57ccdfd-5a75-4424-9de6-2ca1d23b6309","blockId":"block18337","hasTooltip":true,"confidence":78}}
{"ts":"2026-04-08T03:03:45.383Z","level":"info","message":"[scan-map-live] Block probe tamam","runId":"a57ccdfd-5a75-4424-9de6-2ca1d23b6309","meta":{"runId":"a57ccdfd-5a75-4424-9de6-2ca1d23b6309","blockId":"block18342","hasTooltip":true,"confidence":78}}
{"ts":"2026-04-08T03:03:45.620Z","level":"info","message":"[scan-map-live] Block probe tamam","runId":"a57ccdfd-5a75-4424-9de6-2ca1d23b6309","meta":{"runId":"a57ccdfd-5a75-4424-9de6-2ca1d23b6309","blockId":"block18345","hasTooltip":true,"confidence":78}}
{"ts":"2026-04-08T03:03:45.872Z","level":"info","message":"[scan-map-live] Block probe tamam","runId":"a57ccdfd-5a75-4424-9de6-2ca1d23b6309","meta":{"runId":"a57ccdfd-5a75-4424-9de6-2ca1d23b6309","blockId":"block18350","hasTooltip":false,"confidence":22}}
{"ts":"2026-04-08T03:03:46.152Z","level":"info","message":"[scan-map-live] Block probe tamam","runId":"a57ccdfd-5a75-4424-9de6-2ca1d23b6309","meta":{"runId":"a57ccdfd-5a75-4424-9de6-2ca1d23b6309","blockId":"block39896","hasTooltip":true,"confidence":78}}
{"ts":"2026-04-08T03:03:46.383Z","level":"info","message":"[scan-map-live] Block probe tamam","runId":"a57ccdfd-5a75-4424-9de6-2ca1d23b6309","meta":{"runId":"a57ccdfd-5a75-4424-9de6-2ca1d23b6309","blockId":"block40405","hasTooltip":true,"confidence":78}}
{"ts":"2026-04-08T03:03:46.615Z","level":"info","message":"[scan-map-live] Block probe tamam","runId":"a57ccdfd-5a75-4424-9de6-2ca1d23b6309","meta":{"runId":"a57ccdfd-5a75-4424-9de6-2ca1d23b6309","blockId":"block39903","hasTooltip":true,"confidence":78}}
{"ts":"2026-04-08T03:03:46.852Z","level":"info","message":"[scan-map-live] Block probe tamam","runId":"a57ccdfd-5a75-4424-9de6-2ca1d23b6309","meta":{"runId":"a57ccdfd-5a75-4424-9de6-2ca1d23b6309","blockId":"block17851","hasTooltip":false,"confidence":22}}
{"ts":"2026-04-08T03:03:47.087Z","level":"info","message":"[scan-map-live] Block probe tamam","runId":"a57ccdfd-5a75-4424-9de6-2ca1d23b6309","meta":{"runId":"a57ccdfd-5a75-4424-9de6-2ca1d23b6309","blockId":"block18351","hasTooltip":true,"confidence":78}}
{"ts":"2026-04-08T03:03:47.322Z","level":"info","message":"[scan-map-live] Block probe tamam","runId":"a57ccdfd-5a75-4424-9de6-2ca1d23b6309","meta":{"runId":"a57ccdfd-5a75-4424-9de6-2ca1d23b6309","blockId":"block17852","hasTooltip":true,"confidence":78}}
{"ts":"2026-04-08T03:03:47.569Z","level":"info","message":"[scan-map-live] Block probe tamam","runId":"a57ccdfd-5a75-4424-9de6-2ca1d23b6309","meta":{"runId":"a57ccdfd-5a75-4424-9de6-2ca1d23b6309","blockId":"block39905","hasTooltip":true,"confidence":78}}
{"ts":"2026-04-08T03:03:47.802Z","level":"info","message":"[scan-map-live] Block probe tamam","runId":"a57ccdfd-5a75-4424-9de6-2ca1d23b6309","meta":{"runId":"a57ccdfd-5a75-4424-9de6-2ca1d23b6309","blockId":"block42362","hasTooltip":true,"confidence":78}}
{"ts":"2026-04-08T03:03:48.034Z","level":"info","message":"[scan-map-live] Block probe tamam","runId":"a57ccdfd-5a75-4424-9de6-2ca1d23b6309","meta":{"runId":"a57ccdfd-5a75-4424-9de6-2ca1d23b6309","blockId":"block42373","hasTooltip":true,"confidence":78}}
{"ts":"2026-04-08T03:03:48.269Z","level":"info","message":"[scan-map-live] Block probe tamam","runId":"a57ccdfd-5a75-4424-9de6-2ca1d23b6309","meta":{"runId":"a57ccdfd-5a75-4424-9de6-2ca1d23b6309","blockId":"block17859","hasTooltip":false,"confidence":22}}
{"ts":"2026-04-08T03:03:48.502Z","level":"info","message":"[scan-map-live] Block probe tamam","runId":"a57ccdfd-5a75-4424-9de6-2ca1d23b6309","meta":{"runId":"a57ccdfd-5a75-4424-9de6-2ca1d23b6309","blockId":"block17858","hasTooltip":true,"confidence":78}}
{"ts":"2026-04-08T03:03:48.735Z","level":"info","message":"[scan-map-live] Block probe tamam","runId":"a57ccdfd-5a75-4424-9de6-2ca1d23b6309","meta":{"runId":"a57ccdfd-5a75-4424-9de6-2ca1d23b6309","blockId":"block42375","hasTooltip":false,"confidence":22}}
{"ts":"2026-04-08T03:03:48.957Z","level":"info","message":"[scan-map-live] Block probe tamam","runId":"a57ccdfd-5a75-4424-9de6-2ca1d23b6309","meta":{"runId":"a57ccdfd-5a75-4424-9de6-2ca1d23b6309","blockId":"block36334","hasTooltip":false,"confidence":22}}
{"ts":"2026-04-08T03:03:49.206Z","level":"info","message":"[scan-map-live] Block probe tamam","runId":"a57ccdfd-5a75-4424-9de6-2ca1d23b6309","meta":{"runId":"a57ccdfd-5a75-4424-9de6-2ca1d23b6309","blockId":"block60344","hasTooltip":false,"confidence":22}}
{"ts":"2026-04-08T03:03:49.459Z","level":"info","message":"[scan-map-live] Block probe tamam","runId":"a57ccdfd-5a75-4424-9de6-2ca1d23b6309","meta":{"runId":"a57ccdfd-5a75-4424-9de6-2ca1d23b6309","blockId":"block61336","hasTooltip":false,"confidence":22}}
{"ts":"2026-04-08T03:03:49.695Z","level":"info","message":"[scan-map-live] Block probe tamam","runId":"a57ccdfd-5a75-4424-9de6-2ca1d23b6309","meta":{"runId":"a57ccdfd-5a75-4424-9de6-2ca1d23b6309","blockId":"block617354","hasTooltip":false,"confidence":22}}
{"ts":"2026-04-08T03:03:49.947Z","level":"info","message":"[scan-map-live] Block probe tamam","runId":"a57ccdfd-5a75-4424-9de6-2ca1d23b6309","meta":{"runId":"a57ccdfd-5a75-4424-9de6-2ca1d23b6309","blockId":"block43339","hasTooltip":true,"confidence":78}}
{"ts":"2026-04-08T03:03:50.179Z","level":"info","message":"[scan-map-live] Block probe tamam","runId":"a57ccdfd-5a75-4424-9de6-2ca1d23b6309","meta":{"runId":"a57ccdfd-5a75-4424-9de6-2ca1d23b6309","blockId":"block38913","hasTooltip":true,"confidence":78}}
{"ts":"2026-04-08T03:03:50.413Z","level":"info","message":"[scan-map-live] Block probe tamam","runId":"a57ccdfd-5a75-4424-9de6-2ca1d23b6309","meta":{"runId":"a57ccdfd-5a75-4424-9de6-2ca1d23b6309","blockId":"block38388","hasTooltip":true,"confidence":78}}
{"ts":"2026-04-08T03:03:50.646Z","level":"info","message":"[scan-map-live] Block probe tamam","runId":"a57ccdfd-5a75-4424-9de6-2ca1d23b6309","meta":{"runId":"a57ccdfd-5a75-4424-9de6-2ca1d23b6309","blockId":"block59337","hasTooltip":false,"confidence":22}}
{"ts":"2026-04-08T03:03:50.880Z","level":"info","message":"[scan-map-live] Block probe tamam","runId":"a57ccdfd-5a75-4424-9de6-2ca1d23b6309","meta":{"runId":"a57ccdfd-5a75-4424-9de6-2ca1d23b6309","blockId":"block58339","hasTooltip":true,"confidence":78}}
{"ts":"2026-04-08T03:03:51.112Z","level":"info","message":"[scan-map-live] Block probe tamam","runId":"a57ccdfd-5a75-4424-9de6-2ca1d23b6309","meta":{"runId":"a57ccdfd-5a75-4424-9de6-2ca1d23b6309","blockId":"block58338","hasTooltip":true,"confidence":78}}
{"ts":"2026-04-08T03:03:51.116Z","level":"info","message":"[scan-map-live] Canlı tarama tamamlandı","runId":"a57ccdfd-5a75-4424-9de6-2ca1d23b6309","meta":{"runId":"a57ccdfd-5a75-4424-9de6-2ca1d23b6309","count":30}}
