{"ts":"2026-04-12T14:39:50.739Z","level":"info","message":"[scan-map-live] Canlı scan run başlatıldı","runId":"38fd8c46-1126-4a88-9809-48e894618442","meta":{"runId":"38fd8c46-1126-4a88-9809-48e894618442","teamId":"69c4fa867ee985a07152cc56","eventAddress":"https://www.passo.com.tr/tr/etkinlik/fenerbahce-rizespor-super-lig-mac-bileti/11396319","maxProbe":100}}
{"ts":"2026-04-12T14:39:50.741Z","level":"info","message":"[scan-map-live] Rastgele takım hesabı seçiliyor...","runId":"38fd8c46-1126-4a88-9809-48e894618442","meta":{"runId":"38fd8c46-1126-4a88-9809-48e894618442"}}
{"ts":"2026-04-12T14:39:50.749Z","level":"info","message":"[scan-map-live] Hesap seçildi","runId":"38fd8c46-1126-4a88-9809-48e894618442","meta":{"runId":"38fd8c46-1126-4a88-9809-48e894618442","email":"cengizhansimsek@aj.com.tr","credentialId":"69c4fadd7ee985a07152cc5f"}}
{"ts":"2026-04-12T14:39:50.752Z","level":"info","message":"[scan-map-live] Tarayıcı açılıyor (ana bot akışı)...","runId":"38fd8c46-1126-4a88-9809-48e894618442","meta":{"runId":"38fd8c46-1126-4a88-9809-48e894618442","profileDir":"C:\\Users\\alavh\\AppData\\Local\\Temp\\passo-scan-live-sHwLbz"}}
{"ts":"2026-04-12T14:39:50.754Z","level":"info","message":"[scan-map-live] Passo login + turnstile/captcha çözüm adımları başlatıldı...","runId":"38fd8c46-1126-4a88-9809-48e894618442","meta":{"runId":"38fd8c46-1126-4a88-9809-48e894618442"}}
{"ts":"2026-04-12T14:39:50.755Z","level":"warn","message":"[scan-map-live] Proxy kullanımı kapalı, doğrudan bağlantı deneniyor","runId":"38fd8c46-1126-4a88-9809-48e894618442","meta":{"runId":"38fd8c46-1126-4a88-9809-48e894618442"}}
{"ts":"2026-04-12T14:40:49.233Z","level":"info","message":"[scan-map-live] Login adımı tamamlandı, evente gidiliyor ve koltuk haritası açılıyor...","runId":"38fd8c46-1126-4a88-9809-48e894618442","meta":{"runId":"38fd8c46-1126-4a88-9809-48e894618442"}}
{"ts":"2026-04-12T14:40:49.234Z","level":"info","message":"[scan-map-live] Seat map hazırlığı başladı","runId":"38fd8c46-1126-4a88-9809-48e894618442","meta":{"runId":"38fd8c46-1126-4a88-9809-48e894618442","eventUrl":"https://www.passo.com.tr/tr/etkinlik/fenerbahce-rizespor-super-lig-mac-bileti/11396319","seatUrl":"https://www.passo.com.tr/tr/etkinlik/fenerbahce-rizespor-super-lig-mac-bileti/11396319/koltuk-secim"}}
{"ts":"2026-04-12T14:40:49.235Z","level":"info","message":"[scan-map-live] Event sayfasına gidiliyor","runId":"38fd8c46-1126-4a88-9809-48e894618442","meta":{"runId":"38fd8c46-1126-4a88-9809-48e894618442","eventUrl":"https://www.passo.com.tr/tr/etkinlik/fenerbahce-rizespor-super-lig-mac-bileti/11396319"}}
{"ts":"2026-04-12T14:40:49.452Z","level":"info","message":"[scan-map-live] Koltuk seçim URL çağrılıyor","runId":"38fd8c46-1126-4a88-9809-48e894618442","meta":{"runId":"38fd8c46-1126-4a88-9809-48e894618442","seatUrl":"https://www.passo.com.tr/tr/etkinlik/fenerbahce-rizespor-super-lig-mac-bileti/11396319/koltuk-secim"}}
{"ts":"2026-04-12T14:40:49.692Z","level":"info","message":"[scan-map-live] Koltuk seçim URL sonrası durum","runId":"38fd8c46-1126-4a88-9809-48e894618442","meta":{"runId":"38fd8c46-1126-4a88-9809-48e894618442","currentUrl":"https://www.passo.com.tr/tr/etkinlik/fenerbahce-rizespor-super-lig-mac-bileti/11396319/koltuk-secim"}}
{"ts":"2026-04-12T14:40:49.693Z","level":"info","message":"[scan-map-live] Öncelikli satış modalı (koltuk-secim)","runId":"38fd8c46-1126-4a88-9809-48e894618442","meta":{"runId":"38fd8c46-1126-4a88-9809-48e894618442","prioritySale":"Yüksek Divan Kurulu, Kongre ve Temsilci Üyeler"}}
{"ts":"2026-04-12T14:40:54.441Z","level":"info","message":"[scan-map-live] openSeatMapStrict çağrılıyor...","runId":"38fd8c46-1126-4a88-9809-48e894618442","meta":{"runId":"38fd8c46-1126-4a88-9809-48e894618442"}}
{"ts":"2026-04-12T14:41:12.561Z","level":"warn","message":"[scan-map-live] openSeatMapStrict false döndü ama SVG zaten mevcut, taramaya devam ediliyor","runId":"38fd8c46-1126-4a88-9809-48e894618442","meta":{"runId":"38fd8c46-1126-4a88-9809-48e894618442"}}
{"ts":"2026-04-12T14:41:12.563Z","level":"info","message":"[scan-map-live] Öncelikli satış modalı (harita sonrası)","runId":"38fd8c46-1126-4a88-9809-48e894618442","meta":{"runId":"38fd8c46-1126-4a88-9809-48e894618442","prioritySale":"Yüksek Divan Kurulu, Kongre ve Temsilci Üyeler"}}
{"ts":"2026-04-12T14:41:20.709Z","level":"info","message":"[scan-map-live] Seat map açıldı, SVG bekleniyor...","runId":"38fd8c46-1126-4a88-9809-48e894618442","meta":{"runId":"38fd8c46-1126-4a88-9809-48e894618442"}}
{"ts":"2026-04-12T14:41:20.721Z","level":"info","message":"[scan-map-live] Koltuk seçim/SVG harita hazır, block taraması başladı...","runId":"38fd8c46-1126-4a88-9809-48e894618442","meta":{"runId":"38fd8c46-1126-4a88-9809-48e894618442"}}
{"ts":"2026-04-12T14:41:20.721Z","level":"info","message":"[scan-map-live] Seat map SVG hazır","runId":"38fd8c46-1126-4a88-9809-48e894618442","meta":{"runId":"38fd8c46-1126-4a88-9809-48e894618442"}}
{"ts":"2026-04-12T14:41:20.723Z","level":"info","message":"[scan-map-live] SVG layout bekleniyor...","runId":"38fd8c46-1126-4a88-9809-48e894618442","meta":{"runId":"38fd8c46-1126-4a88-9809-48e894618442","maxProbe":100}}
{"ts":"2026-04-12T14:41:20.741Z","level":"info","message":"[scan-map-live] Block ID listesi çıkarıldı","runId":"38fd8c46-1126-4a88-9809-48e894618442","meta":{"runId":"38fd8c46-1126-4a88-9809-48e894618442","count":31}}
{"ts":"2026-04-12T14:41:20.985Z","level":"info","message":"[scan-map-live] Block probe tamam","runId":"38fd8c46-1126-4a88-9809-48e894618442","meta":{"runId":"38fd8c46-1126-4a88-9809-48e894618442","blockId":"block87394","hasTooltip":false,"confidence":22}}
{"ts":"2026-04-12T14:41:21.239Z","level":"info","message":"[scan-map-live] Block probe tamam","runId":"38fd8c46-1126-4a88-9809-48e894618442","meta":{"runId":"38fd8c46-1126-4a88-9809-48e894618442","blockId":"block87398","hasTooltip":false,"confidence":22}}
{"ts":"2026-04-12T14:41:21.482Z","level":"info","message":"[scan-map-live] Block probe tamam","runId":"38fd8c46-1126-4a88-9809-48e894618442","meta":{"runId":"38fd8c46-1126-4a88-9809-48e894618442","blockId":"block90336","hasTooltip":true,"confidence":78}}
{"ts":"2026-04-12T14:41:21.731Z","level":"info","message":"[scan-map-live] Block probe tamam","runId":"38fd8c46-1126-4a88-9809-48e894618442","meta":{"runId":"38fd8c46-1126-4a88-9809-48e894618442","blockId":"block88372","hasTooltip":false,"confidence":22}}
{"ts":"2026-04-12T14:41:21.964Z","level":"info","message":"[scan-map-live] Block probe tamam","runId":"38fd8c46-1126-4a88-9809-48e894618442","meta":{"runId":"38fd8c46-1126-4a88-9809-48e894618442","blockId":"block87334","hasTooltip":false,"confidence":22}}
{"ts":"2026-04-12T14:41:22.198Z","level":"info","message":"[scan-map-live] Block probe tamam","runId":"38fd8c46-1126-4a88-9809-48e894618442","meta":{"runId":"38fd8c46-1126-4a88-9809-48e894618442","blockId":"block87335","hasTooltip":true,"confidence":78}}
{"ts":"2026-04-12T14:41:22.431Z","level":"info","message":"[scan-map-live] Block probe tamam","runId":"38fd8c46-1126-4a88-9809-48e894618442","meta":{"runId":"38fd8c46-1126-4a88-9809-48e894618442","blockId":"block88334","hasTooltip":true,"confidence":78}}
{"ts":"2026-04-12T14:41:22.663Z","level":"info","message":"[scan-map-live] Block probe tamam","runId":"38fd8c46-1126-4a88-9809-48e894618442","meta":{"runId":"38fd8c46-1126-4a88-9809-48e894618442","blockId":"block87339","hasTooltip":true,"confidence":78}}
{"ts":"2026-04-12T14:41:22.894Z","level":"info","message":"[scan-map-live] Block probe tamam","runId":"38fd8c46-1126-4a88-9809-48e894618442","meta":{"runId":"38fd8c46-1126-4a88-9809-48e894618442","blockId":"block87340","hasTooltip":true,"confidence":78}}
{"ts":"2026-04-12T14:41:23.127Z","level":"info","message":"[scan-map-live] Block probe tamam","runId":"38fd8c46-1126-4a88-9809-48e894618442","meta":{"runId":"38fd8c46-1126-4a88-9809-48e894618442","blockId":"block88348","hasTooltip":false,"confidence":22}}
{"ts":"2026-04-12T14:41:23.365Z","level":"info","message":"[scan-map-live] Block probe tamam","runId":"38fd8c46-1126-4a88-9809-48e894618442","meta":{"runId":"38fd8c46-1126-4a88-9809-48e894618442","blockId":"block87365","hasTooltip":true,"confidence":78}}
{"ts":"2026-04-12T14:41:23.600Z","level":"info","message":"[scan-map-live] Block probe tamam","runId":"38fd8c46-1126-4a88-9809-48e894618442","meta":{"runId":"38fd8c46-1126-4a88-9809-48e894618442","blockId":"block87364","hasTooltip":true,"confidence":78}}
{"ts":"2026-04-12T14:41:23.833Z","level":"info","message":"[scan-map-live] Block probe tamam","runId":"38fd8c46-1126-4a88-9809-48e894618442","meta":{"runId":"38fd8c46-1126-4a88-9809-48e894618442","blockId":"block87353","hasTooltip":true,"confidence":78}}
{"ts":"2026-04-12T14:41:24.079Z","level":"info","message":"[scan-map-live] Block probe tamam","runId":"38fd8c46-1126-4a88-9809-48e894618442","meta":{"runId":"38fd8c46-1126-4a88-9809-48e894618442","blockId":"block87351","hasTooltip":true,"confidence":78}}
{"ts":"2026-04-12T14:41:24.313Z","level":"info","message":"[scan-map-live] Block probe tamam","runId":"38fd8c46-1126-4a88-9809-48e894618442","meta":{"runId":"38fd8c46-1126-4a88-9809-48e894618442","blockId":"block88338","hasTooltip":true,"confidence":78}}
{"ts":"2026-04-12T14:41:24.551Z","level":"info","message":"[scan-map-live] Block probe tamam","runId":"38fd8c46-1126-4a88-9809-48e894618442","meta":{"runId":"38fd8c46-1126-4a88-9809-48e894618442","blockId":"block87342","hasTooltip":true,"confidence":78}}
{"ts":"2026-04-12T14:41:24.801Z","level":"info","message":"[scan-map-live] Block probe tamam","runId":"38fd8c46-1126-4a88-9809-48e894618442","meta":{"runId":"38fd8c46-1126-4a88-9809-48e894618442","blockId":"block87366","hasTooltip":false,"confidence":22}}
{"ts":"2026-04-12T14:41:25.050Z","level":"info","message":"[scan-map-live] Block probe tamam","runId":"38fd8c46-1126-4a88-9809-48e894618442","meta":{"runId":"38fd8c46-1126-4a88-9809-48e894618442","blockId":"block88350","hasTooltip":true,"confidence":78}}
{"ts":"2026-04-12T14:41:25.298Z","level":"info","message":"[scan-map-live] Block probe tamam","runId":"38fd8c46-1126-4a88-9809-48e894618442","meta":{"runId":"38fd8c46-1126-4a88-9809-48e894618442","blockId":"block87368","hasTooltip":true,"confidence":78}}
{"ts":"2026-04-12T14:41:25.530Z","level":"info","message":"[scan-map-live] Block probe tamam","runId":"38fd8c46-1126-4a88-9809-48e894618442","meta":{"runId":"38fd8c46-1126-4a88-9809-48e894618442","blockId":"block87369","hasTooltip":true,"confidence":78}}
{"ts":"2026-04-12T14:41:25.764Z","level":"info","message":"[scan-map-live] Block probe tamam","runId":"38fd8c46-1126-4a88-9809-48e894618442","meta":{"runId":"38fd8c46-1126-4a88-9809-48e894618442","blockId":"block87371","hasTooltip":true,"confidence":78}}
{"ts":"2026-04-12T14:41:25.997Z","level":"info","message":"[scan-map-live] Block probe tamam","runId":"38fd8c46-1126-4a88-9809-48e894618442","meta":{"runId":"38fd8c46-1126-4a88-9809-48e894618442","blockId":"block87372","hasTooltip":true,"confidence":78}}
{"ts":"2026-04-12T14:41:26.227Z","level":"info","message":"[scan-map-live] Block probe tamam","runId":"38fd8c46-1126-4a88-9809-48e894618442","meta":{"runId":"38fd8c46-1126-4a88-9809-48e894618442","blockId":"block88353","hasTooltip":true,"confidence":78}}
{"ts":"2026-04-12T14:41:26.460Z","level":"info","message":"[scan-map-live] Block probe tamam","runId":"38fd8c46-1126-4a88-9809-48e894618442","meta":{"runId":"38fd8c46-1126-4a88-9809-48e894618442","blockId":"block87374","hasTooltip":true,"confidence":78}}
{"ts":"2026-04-12T14:41:26.694Z","level":"info","message":"[scan-map-live] Block probe tamam","runId":"38fd8c46-1126-4a88-9809-48e894618442","meta":{"runId":"38fd8c46-1126-4a88-9809-48e894618442","blockId":"block87385","hasTooltip":false,"confidence":22}}
{"ts":"2026-04-12T14:41:26.927Z","level":"info","message":"[scan-map-live] Block probe tamam","runId":"38fd8c46-1126-4a88-9809-48e894618442","meta":{"runId":"38fd8c46-1126-4a88-9809-48e894618442","blockId":"block88367","hasTooltip":true,"confidence":78}}
{"ts":"2026-04-12T14:41:27.175Z","level":"info","message":"[scan-map-live] Block probe tamam","runId":"38fd8c46-1126-4a88-9809-48e894618442","meta":{"runId":"38fd8c46-1126-4a88-9809-48e894618442","blockId":"block87387","hasTooltip":true,"confidence":78}}
{"ts":"2026-04-12T14:41:27.407Z","level":"info","message":"[scan-map-live] Block probe tamam","runId":"38fd8c46-1126-4a88-9809-48e894618442","meta":{"runId":"38fd8c46-1126-4a88-9809-48e894618442","blockId":"block88368","hasTooltip":true,"confidence":78}}
{"ts":"2026-04-12T14:41:27.640Z","level":"info","message":"[scan-map-live] Block probe tamam","runId":"38fd8c46-1126-4a88-9809-48e894618442","meta":{"runId":"38fd8c46-1126-4a88-9809-48e894618442","blockId":"block88369","hasTooltip":true,"confidence":78}}
{"ts":"2026-04-12T14:41:27.892Z","level":"info","message":"[scan-map-live] Block probe tamam","runId":"38fd8c46-1126-4a88-9809-48e894618442","meta":{"runId":"38fd8c46-1126-4a88-9809-48e894618442","blockId":"block89334","hasTooltip":false,"confidence":22}}
{"ts":"2026-04-12T14:41:28.122Z","level":"info","message":"[scan-map-live] Block probe tamam","runId":"38fd8c46-1126-4a88-9809-48e894618442","meta":{"runId":"38fd8c46-1126-4a88-9809-48e894618442","blockId":"block87404","hasTooltip":false,"confidence":22}}
{"ts":"2026-04-12T14:41:28.130Z","level":"info","message":"[scan-map-live] Canlı tarama tamamlandı","runId":"38fd8c46-1126-4a88-9809-48e894618442","meta":{"runId":"38fd8c46-1126-4a88-9809-48e894618442","count":31}}
