{"ts":"2026-04-08T02:30:12.735Z","level":"info","message":"[scan-map-live] Canlı scan run başlatıldı","runId":"c3cc7b61-9fe6-4440-9320-3efff85bf720","meta":{"runId":"c3cc7b61-9fe6-4440-9320-3efff85bf720","teamId":"69c405fbdb783011c5a0d859","eventAddress":"https://www.passo.com.tr/tr/kombine/galatasaray-lig-paketi/639746","maxProbe":30}}
{"ts":"2026-04-08T02:30:12.737Z","level":"info","message":"[scan-map-live] Rastgele takım hesabı seçiliyor...","runId":"c3cc7b61-9fe6-4440-9320-3efff85bf720","meta":{"runId":"c3cc7b61-9fe6-4440-9320-3efff85bf720"}}
{"ts":"2026-04-08T02:30:12.750Z","level":"info","message":"[scan-map-live] Passo login + turnstile/captcha çözüm adımları başlatıldı...","runId":"c3cc7b61-9fe6-4440-9320-3efff85bf720","meta":{"runId":"c3cc7b61-9fe6-4440-9320-3efff85bf720"}}
{"ts":"2026-04-08T02:30:12.747Z","level":"info","message":"[scan-map-live] Hesap seçildi","runId":"c3cc7b61-9fe6-4440-9320-3efff85bf720","meta":{"runId":"c3cc7b61-9fe6-4440-9320-3efff85bf720","email":"archiechamberlain@aj.com.tr","credentialId":"69c40b9f3a0933c48dab5bbb"}}
{"ts":"2026-04-08T02:30:12.750Z","level":"info","message":"[scan-map-live] Tarayıcı açılıyor (ana bot akışı)...","runId":"c3cc7b61-9fe6-4440-9320-3efff85bf720","meta":{"runId":"c3cc7b61-9fe6-4440-9320-3efff85bf720","profileDir":"C:\\Users\\alavh\\AppData\\Local\\Temp\\passo-scan-live-KZaCDR"}}
{"ts":"2026-04-08T02:30:52.251Z","level":"info","message":"[scan-map-live] Login adımı tamamlandı, evente gidiliyor ve koltuk haritası açılıyor...","runId":"c3cc7b61-9fe6-4440-9320-3efff85bf720","meta":{"runId":"c3cc7b61-9fe6-4440-9320-3efff85bf720"}}
{"ts":"2026-04-08T02:30:52.253Z","level":"info","message":"[scan-map-live] Seat map hazırlığı başladı","runId":"c3cc7b61-9fe6-4440-9320-3efff85bf720","meta":{"runId":"c3cc7b61-9fe6-4440-9320-3efff85bf720","eventUrl":"https://www.passo.com.tr/tr/kombine/galatasaray-lig-paketi/639746","seatUrl":"https://www.passo.com.tr/tr/kombine/galatasaray-lig-paketi/639746/koltuk-secim"}}
{"ts":"2026-04-08T02:30:52.254Z","level":"info","message":"[scan-map-live] Event sayfasına gidiliyor","runId":"c3cc7b61-9fe6-4440-9320-3efff85bf720","meta":{"runId":"c3cc7b61-9fe6-4440-9320-3efff85bf720","eventUrl":"https://www.passo.com.tr/tr/kombine/galatasaray-lig-paketi/639746"}}
{"ts":"2026-04-08T02:30:52.487Z","level":"info","message":"[scan-map-live] Koltuk seçim URL çağrılıyor","runId":"c3cc7b61-9fe6-4440-9320-3efff85bf720","meta":{"runId":"c3cc7b61-9fe6-4440-9320-3efff85bf720","seatUrl":"https://www.passo.com.tr/tr/kombine/galatasaray-lig-paketi/639746/koltuk-secim"}}
{"ts":"2026-04-08T02:30:52.704Z","level":"info","message":"[scan-map-live] Koltuk seçim URL sonrası durum","runId":"c3cc7b61-9fe6-4440-9320-3efff85bf720","meta":{"runId":"c3cc7b61-9fe6-4440-9320-3efff85bf720","currentUrl":"https://www.passo.com.tr/tr/kombine/galatasaray-lig-paketi/639746/koltuk-secim"}}
{"ts":"2026-04-08T02:30:52.705Z","level":"info","message":"[scan-map-live] openSeatMapStrict çağrılıyor...","runId":"c3cc7b61-9fe6-4440-9320-3efff85bf720","meta":{"runId":"c3cc7b61-9fe6-4440-9320-3efff85bf720"}}
{"ts":"2026-04-08T02:31:11.202Z","level":"warn","message":"[scan-map-live] openSeatMapStrict false döndü ama SVG zaten mevcut, taramaya devam ediliyor","runId":"c3cc7b61-9fe6-4440-9320-3efff85bf720","meta":{"runId":"c3cc7b61-9fe6-4440-9320-3efff85bf720"}}
{"ts":"2026-04-08T02:31:11.203Z","level":"info","message":"[scan-map-live] Seat map açıldı, SVG bekleniyor...","runId":"c3cc7b61-9fe6-4440-9320-3efff85bf720","meta":{"runId":"c3cc7b61-9fe6-4440-9320-3efff85bf720"}}
{"ts":"2026-04-08T02:31:11.213Z","level":"info","message":"[scan-map-live] Seat map SVG hazır","runId":"c3cc7b61-9fe6-4440-9320-3efff85bf720","meta":{"runId":"c3cc7b61-9fe6-4440-9320-3efff85bf720"}}
{"ts":"2026-04-08T02:31:11.214Z","level":"info","message":"[scan-map-live] Koltuk seçim/SVG harita hazır, block taraması başladı...","runId":"c3cc7b61-9fe6-4440-9320-3efff85bf720","meta":{"runId":"c3cc7b61-9fe6-4440-9320-3efff85bf720"}}
{"ts":"2026-04-08T02:31:11.215Z","level":"info","message":"[scan-map-live] SVG layout bekleniyor...","runId":"c3cc7b61-9fe6-4440-9320-3efff85bf720","meta":{"runId":"c3cc7b61-9fe6-4440-9320-3efff85bf720","maxProbe":30}}
{"ts":"2026-04-08T02:31:11.229Z","level":"info","message":"[scan-map-live] Block ID listesi çıkarıldı","runId":"c3cc7b61-9fe6-4440-9320-3efff85bf720","meta":{"runId":"c3cc7b61-9fe6-4440-9320-3efff85bf720","count":30}}
{"ts":"2026-04-08T02:31:11.469Z","level":"info","message":"[scan-map-live] Block probe tamam","runId":"c3cc7b61-9fe6-4440-9320-3efff85bf720","meta":{"runId":"c3cc7b61-9fe6-4440-9320-3efff85bf720","blockId":"block17363","hasTooltip":false,"confidence":22}}
{"ts":"2026-04-08T02:31:11.717Z","level":"info","message":"[scan-map-live] Block probe tamam","runId":"c3cc7b61-9fe6-4440-9320-3efff85bf720","meta":{"runId":"c3cc7b61-9fe6-4440-9320-3efff85bf720","blockId":"block38371","hasTooltip":true,"confidence":78}}
{"ts":"2026-04-08T02:31:11.949Z","level":"info","message":"[scan-map-live] Block probe tamam","runId":"c3cc7b61-9fe6-4440-9320-3efff85bf720","meta":{"runId":"c3cc7b61-9fe6-4440-9320-3efff85bf720","blockId":"block38855","hasTooltip":true,"confidence":78}}
{"ts":"2026-04-08T02:31:12.183Z","level":"info","message":"[scan-map-live] Block probe tamam","runId":"c3cc7b61-9fe6-4440-9320-3efff85bf720","meta":{"runId":"c3cc7b61-9fe6-4440-9320-3efff85bf720","blockId":"block38851","hasTooltip":true,"confidence":78}}
{"ts":"2026-04-08T02:31:12.416Z","level":"info","message":"[scan-map-live] Block probe tamam","runId":"c3cc7b61-9fe6-4440-9320-3efff85bf720","meta":{"runId":"c3cc7b61-9fe6-4440-9320-3efff85bf720","blockId":"block18337","hasTooltip":true,"confidence":78}}
{"ts":"2026-04-08T02:31:12.648Z","level":"info","message":"[scan-map-live] Block probe tamam","runId":"c3cc7b61-9fe6-4440-9320-3efff85bf720","meta":{"runId":"c3cc7b61-9fe6-4440-9320-3efff85bf720","blockId":"block18342","hasTooltip":true,"confidence":78}}
{"ts":"2026-04-08T02:31:12.884Z","level":"info","message":"[scan-map-live] Block probe tamam","runId":"c3cc7b61-9fe6-4440-9320-3efff85bf720","meta":{"runId":"c3cc7b61-9fe6-4440-9320-3efff85bf720","blockId":"block18345","hasTooltip":true,"confidence":78}}
{"ts":"2026-04-08T02:31:13.133Z","level":"info","message":"[scan-map-live] Block probe tamam","runId":"c3cc7b61-9fe6-4440-9320-3efff85bf720","meta":{"runId":"c3cc7b61-9fe6-4440-9320-3efff85bf720","blockId":"block18350","hasTooltip":false,"confidence":22}}
{"ts":"2026-04-08T02:31:13.366Z","level":"info","message":"[scan-map-live] Block probe tamam","runId":"c3cc7b61-9fe6-4440-9320-3efff85bf720","meta":{"runId":"c3cc7b61-9fe6-4440-9320-3efff85bf720","blockId":"block39896","hasTooltip":true,"confidence":78}}
{"ts":"2026-04-08T02:31:13.602Z","level":"info","message":"[scan-map-live] Block probe tamam","runId":"c3cc7b61-9fe6-4440-9320-3efff85bf720","meta":{"runId":"c3cc7b61-9fe6-4440-9320-3efff85bf720","blockId":"block40405","hasTooltip":true,"confidence":78}}
{"ts":"2026-04-08T02:31:13.833Z","level":"info","message":"[scan-map-live] Block probe tamam","runId":"c3cc7b61-9fe6-4440-9320-3efff85bf720","meta":{"runId":"c3cc7b61-9fe6-4440-9320-3efff85bf720","blockId":"block39903","hasTooltip":true,"confidence":78}}
{"ts":"2026-04-08T02:31:14.065Z","level":"info","message":"[scan-map-live] Block probe tamam","runId":"c3cc7b61-9fe6-4440-9320-3efff85bf720","meta":{"runId":"c3cc7b61-9fe6-4440-9320-3efff85bf720","blockId":"block17851","hasTooltip":false,"confidence":22}}
{"ts":"2026-04-08T02:31:14.300Z","level":"info","message":"[scan-map-live] Block probe tamam","runId":"c3cc7b61-9fe6-4440-9320-3efff85bf720","meta":{"runId":"c3cc7b61-9fe6-4440-9320-3efff85bf720","blockId":"block18351","hasTooltip":true,"confidence":78}}
{"ts":"2026-04-08T02:31:14.533Z","level":"info","message":"[scan-map-live] Block probe tamam","runId":"c3cc7b61-9fe6-4440-9320-3efff85bf720","meta":{"runId":"c3cc7b61-9fe6-4440-9320-3efff85bf720","blockId":"block17852","hasTooltip":true,"confidence":78}}
{"ts":"2026-04-08T02:31:14.765Z","level":"info","message":"[scan-map-live] Block probe tamam","runId":"c3cc7b61-9fe6-4440-9320-3efff85bf720","meta":{"runId":"c3cc7b61-9fe6-4440-9320-3efff85bf720","blockId":"block39905","hasTooltip":true,"confidence":78}}
{"ts":"2026-04-08T02:31:15.001Z","level":"info","message":"[scan-map-live] Block probe tamam","runId":"c3cc7b61-9fe6-4440-9320-3efff85bf720","meta":{"runId":"c3cc7b61-9fe6-4440-9320-3efff85bf720","blockId":"block42362","hasTooltip":true,"confidence":78}}
{"ts":"2026-04-08T02:31:15.235Z","level":"info","message":"[scan-map-live] Block probe tamam","runId":"c3cc7b61-9fe6-4440-9320-3efff85bf720","meta":{"runId":"c3cc7b61-9fe6-4440-9320-3efff85bf720","blockId":"block42373","hasTooltip":true,"confidence":78}}
{"ts":"2026-04-08T02:31:15.471Z","level":"info","message":"[scan-map-live] Block probe tamam","runId":"c3cc7b61-9fe6-4440-9320-3efff85bf720","meta":{"runId":"c3cc7b61-9fe6-4440-9320-3efff85bf720","blockId":"block17859","hasTooltip":false,"confidence":22}}
{"ts":"2026-04-08T02:31:15.705Z","level":"info","message":"[scan-map-live] Block probe tamam","runId":"c3cc7b61-9fe6-4440-9320-3efff85bf720","meta":{"runId":"c3cc7b61-9fe6-4440-9320-3efff85bf720","blockId":"block17858","hasTooltip":true,"confidence":78}}
{"ts":"2026-04-08T02:31:15.955Z","level":"info","message":"[scan-map-live] Block probe tamam","runId":"c3cc7b61-9fe6-4440-9320-3efff85bf720","meta":{"runId":"c3cc7b61-9fe6-4440-9320-3efff85bf720","blockId":"block42375","hasTooltip":false,"confidence":22}}
{"ts":"2026-04-08T02:31:16.205Z","level":"info","message":"[scan-map-live] Block probe tamam","runId":"c3cc7b61-9fe6-4440-9320-3efff85bf720","meta":{"runId":"c3cc7b61-9fe6-4440-9320-3efff85bf720","blockId":"block36334","hasTooltip":false,"confidence":22}}
{"ts":"2026-04-08T02:31:16.455Z","level":"info","message":"[scan-map-live] Block probe tamam","runId":"c3cc7b61-9fe6-4440-9320-3efff85bf720","meta":{"runId":"c3cc7b61-9fe6-4440-9320-3efff85bf720","blockId":"block60344","hasTooltip":false,"confidence":22}}
{"ts":"2026-04-08T02:31:16.702Z","level":"info","message":"[scan-map-live] Block probe tamam","runId":"c3cc7b61-9fe6-4440-9320-3efff85bf720","meta":{"runId":"c3cc7b61-9fe6-4440-9320-3efff85bf720","blockId":"block61336","hasTooltip":false,"confidence":22}}
{"ts":"2026-04-08T02:31:16.937Z","level":"info","message":"[scan-map-live] Block probe tamam","runId":"c3cc7b61-9fe6-4440-9320-3efff85bf720","meta":{"runId":"c3cc7b61-9fe6-4440-9320-3efff85bf720","blockId":"block617354","hasTooltip":false,"confidence":22}}
{"ts":"2026-04-08T02:31:17.170Z","level":"info","message":"[scan-map-live] Block probe tamam","runId":"c3cc7b61-9fe6-4440-9320-3efff85bf720","meta":{"runId":"c3cc7b61-9fe6-4440-9320-3efff85bf720","blockId":"block43339","hasTooltip":true,"confidence":78}}
{"ts":"2026-04-08T02:31:17.422Z","level":"info","message":"[scan-map-live] Block probe tamam","runId":"c3cc7b61-9fe6-4440-9320-3efff85bf720","meta":{"runId":"c3cc7b61-9fe6-4440-9320-3efff85bf720","blockId":"block38913","hasTooltip":true,"confidence":78}}
{"ts":"2026-04-08T02:31:17.685Z","level":"info","message":"[scan-map-live] Block probe tamam","runId":"c3cc7b61-9fe6-4440-9320-3efff85bf720","meta":{"runId":"c3cc7b61-9fe6-4440-9320-3efff85bf720","blockId":"block38388","hasTooltip":true,"confidence":78}}
{"ts":"2026-04-08T02:31:17.919Z","level":"info","message":"[scan-map-live] Block probe tamam","runId":"c3cc7b61-9fe6-4440-9320-3efff85bf720","meta":{"runId":"c3cc7b61-9fe6-4440-9320-3efff85bf720","blockId":"block59337","hasTooltip":false,"confidence":22}}
{"ts":"2026-04-08T02:31:18.151Z","level":"info","message":"[scan-map-live] Block probe tamam","runId":"c3cc7b61-9fe6-4440-9320-3efff85bf720","meta":{"runId":"c3cc7b61-9fe6-4440-9320-3efff85bf720","blockId":"block58339","hasTooltip":true,"confidence":78}}
{"ts":"2026-04-08T02:31:18.386Z","level":"info","message":"[scan-map-live] Block probe tamam","runId":"c3cc7b61-9fe6-4440-9320-3efff85bf720","meta":{"runId":"c3cc7b61-9fe6-4440-9320-3efff85bf720","blockId":"block58338","hasTooltip":true,"confidence":78}}
{"ts":"2026-04-08T02:31:18.390Z","level":"info","message":"[scan-map-live] Canlı tarama tamamlandı","runId":"c3cc7b61-9fe6-4440-9320-3efff85bf720","meta":{"runId":"c3cc7b61-9fe6-4440-9320-3efff85bf720","count":30}}
