{"ts":"2026-04-08T03:21:34.363Z","level":"info","message":"[scan-map-live] Canlı scan run başlatıldı","runId":"ce105bf4-4cd8-4cc2-8827-6971d5fb1b30","meta":{"runId":"ce105bf4-4cd8-4cc2-8827-6971d5fb1b30","teamId":"69c405fbdb783011c5a0d859","eventAddress":"https://www.passo.com.tr/tr/kombine/galatasaray-lig-paketi/639746","maxProbe":30}}
{"ts":"2026-04-08T03:21:34.364Z","level":"info","message":"[scan-map-live] Rastgele takım hesabı seçiliyor...","runId":"ce105bf4-4cd8-4cc2-8827-6971d5fb1b30","meta":{"runId":"ce105bf4-4cd8-4cc2-8827-6971d5fb1b30"}}
{"ts":"2026-04-08T03:21:34.372Z","level":"warn","message":"[scan-map-live] Proxy kullanımı kapalı, doğrudan bağlantı deneniyor","runId":"ce105bf4-4cd8-4cc2-8827-6971d5fb1b30","meta":{"runId":"ce105bf4-4cd8-4cc2-8827-6971d5fb1b30"}}
{"ts":"2026-04-08T03:21:34.370Z","level":"info","message":"[scan-map-live] Hesap seçildi","runId":"ce105bf4-4cd8-4cc2-8827-6971d5fb1b30","meta":{"runId":"ce105bf4-4cd8-4cc2-8827-6971d5fb1b30","email":"linemargs1@yaani.com","credentialId":"69cfce838f9a9ac2b5ff58fe"}}
{"ts":"2026-04-08T03:21:34.373Z","level":"info","message":"[scan-map-live] Tarayıcı açılıyor (ana bot akışı)...","runId":"ce105bf4-4cd8-4cc2-8827-6971d5fb1b30","meta":{"runId":"ce105bf4-4cd8-4cc2-8827-6971d5fb1b30","profileDir":"C:\\Users\\alavh\\AppData\\Local\\Temp\\passo-scan-live-gT6wss"}}
{"ts":"2026-04-08T03:21:34.374Z","level":"info","message":"[scan-map-live] Passo login + turnstile/captcha çözüm adımları başlatıldı...","runId":"ce105bf4-4cd8-4cc2-8827-6971d5fb1b30","meta":{"runId":"ce105bf4-4cd8-4cc2-8827-6971d5fb1b30"}}
{"ts":"2026-04-08T03:22:14.800Z","level":"info","message":"[scan-map-live] Login adımı tamamlandı, evente gidiliyor ve koltuk haritası açılıyor...","runId":"ce105bf4-4cd8-4cc2-8827-6971d5fb1b30","meta":{"runId":"ce105bf4-4cd8-4cc2-8827-6971d5fb1b30"}}
{"ts":"2026-04-08T03:22:14.802Z","level":"info","message":"[scan-map-live] Seat map hazırlığı başladı","runId":"ce105bf4-4cd8-4cc2-8827-6971d5fb1b30","meta":{"runId":"ce105bf4-4cd8-4cc2-8827-6971d5fb1b30","eventUrl":"https://www.passo.com.tr/tr/kombine/galatasaray-lig-paketi/639746","seatUrl":"https://www.passo.com.tr/tr/kombine/galatasaray-lig-paketi/639746/koltuk-secim"}}
{"ts":"2026-04-08T03:22:14.803Z","level":"info","message":"[scan-map-live] Event sayfasına gidiliyor","runId":"ce105bf4-4cd8-4cc2-8827-6971d5fb1b30","meta":{"runId":"ce105bf4-4cd8-4cc2-8827-6971d5fb1b30","eventUrl":"https://www.passo.com.tr/tr/kombine/galatasaray-lig-paketi/639746"}}
{"ts":"2026-04-08T03:22:15.117Z","level":"info","message":"[scan-map-live] Koltuk seçim URL çağrılıyor","runId":"ce105bf4-4cd8-4cc2-8827-6971d5fb1b30","meta":{"runId":"ce105bf4-4cd8-4cc2-8827-6971d5fb1b30","seatUrl":"https://www.passo.com.tr/tr/kombine/galatasaray-lig-paketi/639746/koltuk-secim"}}
{"ts":"2026-04-08T03:22:15.353Z","level":"info","message":"[scan-map-live] Koltuk seçim URL sonrası durum","runId":"ce105bf4-4cd8-4cc2-8827-6971d5fb1b30","meta":{"runId":"ce105bf4-4cd8-4cc2-8827-6971d5fb1b30","currentUrl":"https://www.passo.com.tr/tr/kombine/galatasaray-lig-paketi/639746/koltuk-secim"}}
{"ts":"2026-04-08T03:22:15.354Z","level":"info","message":"[scan-map-live] openSeatMapStrict çağrılıyor...","runId":"ce105bf4-4cd8-4cc2-8827-6971d5fb1b30","meta":{"runId":"ce105bf4-4cd8-4cc2-8827-6971d5fb1b30"}}
{"ts":"2026-04-08T03:22:34.186Z","level":"info","message":"[scan-map-live] Seat map açıldı, SVG bekleniyor...","runId":"ce105bf4-4cd8-4cc2-8827-6971d5fb1b30","meta":{"runId":"ce105bf4-4cd8-4cc2-8827-6971d5fb1b30"}}
{"ts":"2026-04-08T03:22:34.184Z","level":"warn","message":"[scan-map-live] openSeatMapStrict false döndü ama SVG zaten mevcut, taramaya devam ediliyor","runId":"ce105bf4-4cd8-4cc2-8827-6971d5fb1b30","meta":{"runId":"ce105bf4-4cd8-4cc2-8827-6971d5fb1b30"}}
{"ts":"2026-04-08T03:22:34.201Z","level":"info","message":"[scan-map-live] Seat map SVG hazır","runId":"ce105bf4-4cd8-4cc2-8827-6971d5fb1b30","meta":{"runId":"ce105bf4-4cd8-4cc2-8827-6971d5fb1b30"}}
{"ts":"2026-04-08T03:22:34.202Z","level":"info","message":"[scan-map-live] Koltuk seçim/SVG harita hazır, block taraması başladı...","runId":"ce105bf4-4cd8-4cc2-8827-6971d5fb1b30","meta":{"runId":"ce105bf4-4cd8-4cc2-8827-6971d5fb1b30"}}
{"ts":"2026-04-08T03:22:34.204Z","level":"info","message":"[scan-map-live] SVG layout bekleniyor...","runId":"ce105bf4-4cd8-4cc2-8827-6971d5fb1b30","meta":{"runId":"ce105bf4-4cd8-4cc2-8827-6971d5fb1b30","maxProbe":30}}
{"ts":"2026-04-08T03:22:34.220Z","level":"info","message":"[scan-map-live] Block ID listesi çıkarıldı","runId":"ce105bf4-4cd8-4cc2-8827-6971d5fb1b30","meta":{"runId":"ce105bf4-4cd8-4cc2-8827-6971d5fb1b30","count":30}}
{"ts":"2026-04-08T03:22:34.447Z","level":"info","message":"[scan-map-live] Block probe tamam","runId":"ce105bf4-4cd8-4cc2-8827-6971d5fb1b30","meta":{"runId":"ce105bf4-4cd8-4cc2-8827-6971d5fb1b30","blockId":"block17363","hasTooltip":false,"confidence":22}}
{"ts":"2026-04-08T03:22:34.697Z","level":"info","message":"[scan-map-live] Block probe tamam","runId":"ce105bf4-4cd8-4cc2-8827-6971d5fb1b30","meta":{"runId":"ce105bf4-4cd8-4cc2-8827-6971d5fb1b30","blockId":"block38371","hasTooltip":true,"confidence":78}}
{"ts":"2026-04-08T03:22:34.930Z","level":"info","message":"[scan-map-live] Block probe tamam","runId":"ce105bf4-4cd8-4cc2-8827-6971d5fb1b30","meta":{"runId":"ce105bf4-4cd8-4cc2-8827-6971d5fb1b30","blockId":"block38855","hasTooltip":true,"confidence":78}}
{"ts":"2026-04-08T03:22:35.166Z","level":"info","message":"[scan-map-live] Block probe tamam","runId":"ce105bf4-4cd8-4cc2-8827-6971d5fb1b30","meta":{"runId":"ce105bf4-4cd8-4cc2-8827-6971d5fb1b30","blockId":"block38851","hasTooltip":true,"confidence":78}}
{"ts":"2026-04-08T03:22:35.411Z","level":"info","message":"[scan-map-live] Block probe tamam","runId":"ce105bf4-4cd8-4cc2-8827-6971d5fb1b30","meta":{"runId":"ce105bf4-4cd8-4cc2-8827-6971d5fb1b30","blockId":"block18337","hasTooltip":true,"confidence":78}}
{"ts":"2026-04-08T03:22:35.660Z","level":"info","message":"[scan-map-live] Block probe tamam","runId":"ce105bf4-4cd8-4cc2-8827-6971d5fb1b30","meta":{"runId":"ce105bf4-4cd8-4cc2-8827-6971d5fb1b30","blockId":"block18342","hasTooltip":true,"confidence":78}}
{"ts":"2026-04-08T03:22:35.909Z","level":"info","message":"[scan-map-live] Block probe tamam","runId":"ce105bf4-4cd8-4cc2-8827-6971d5fb1b30","meta":{"runId":"ce105bf4-4cd8-4cc2-8827-6971d5fb1b30","blockId":"block18345","hasTooltip":true,"confidence":78}}
{"ts":"2026-04-08T03:22:36.174Z","level":"info","message":"[scan-map-live] Block probe tamam","runId":"ce105bf4-4cd8-4cc2-8827-6971d5fb1b30","meta":{"runId":"ce105bf4-4cd8-4cc2-8827-6971d5fb1b30","blockId":"block18350","hasTooltip":false,"confidence":22}}
{"ts":"2026-04-08T03:22:36.421Z","level":"info","message":"[scan-map-live] Block probe tamam","runId":"ce105bf4-4cd8-4cc2-8827-6971d5fb1b30","meta":{"runId":"ce105bf4-4cd8-4cc2-8827-6971d5fb1b30","blockId":"block39896","hasTooltip":true,"confidence":78}}
{"ts":"2026-04-08T03:22:36.671Z","level":"info","message":"[scan-map-live] Block probe tamam","runId":"ce105bf4-4cd8-4cc2-8827-6971d5fb1b30","meta":{"runId":"ce105bf4-4cd8-4cc2-8827-6971d5fb1b30","blockId":"block40405","hasTooltip":true,"confidence":78}}
{"ts":"2026-04-08T03:22:36.920Z","level":"info","message":"[scan-map-live] Block probe tamam","runId":"ce105bf4-4cd8-4cc2-8827-6971d5fb1b30","meta":{"runId":"ce105bf4-4cd8-4cc2-8827-6971d5fb1b30","blockId":"block39903","hasTooltip":true,"confidence":78}}
{"ts":"2026-04-08T03:22:37.169Z","level":"info","message":"[scan-map-live] Block probe tamam","runId":"ce105bf4-4cd8-4cc2-8827-6971d5fb1b30","meta":{"runId":"ce105bf4-4cd8-4cc2-8827-6971d5fb1b30","blockId":"block17851","hasTooltip":false,"confidence":22}}
{"ts":"2026-04-08T03:22:37.417Z","level":"info","message":"[scan-map-live] Block probe tamam","runId":"ce105bf4-4cd8-4cc2-8827-6971d5fb1b30","meta":{"runId":"ce105bf4-4cd8-4cc2-8827-6971d5fb1b30","blockId":"block18351","hasTooltip":true,"confidence":78}}
{"ts":"2026-04-08T03:22:37.650Z","level":"info","message":"[scan-map-live] Block probe tamam","runId":"ce105bf4-4cd8-4cc2-8827-6971d5fb1b30","meta":{"runId":"ce105bf4-4cd8-4cc2-8827-6971d5fb1b30","blockId":"block17852","hasTooltip":true,"confidence":78}}
{"ts":"2026-04-08T03:22:37.884Z","level":"info","message":"[scan-map-live] Block probe tamam","runId":"ce105bf4-4cd8-4cc2-8827-6971d5fb1b30","meta":{"runId":"ce105bf4-4cd8-4cc2-8827-6971d5fb1b30","blockId":"block39905","hasTooltip":true,"confidence":78}}
{"ts":"2026-04-08T03:22:38.119Z","level":"info","message":"[scan-map-live] Block probe tamam","runId":"ce105bf4-4cd8-4cc2-8827-6971d5fb1b30","meta":{"runId":"ce105bf4-4cd8-4cc2-8827-6971d5fb1b30","blockId":"block42362","hasTooltip":true,"confidence":78}}
{"ts":"2026-04-08T03:22:38.353Z","level":"info","message":"[scan-map-live] Block probe tamam","runId":"ce105bf4-4cd8-4cc2-8827-6971d5fb1b30","meta":{"runId":"ce105bf4-4cd8-4cc2-8827-6971d5fb1b30","blockId":"block42373","hasTooltip":true,"confidence":78}}
{"ts":"2026-04-08T03:22:38.586Z","level":"info","message":"[scan-map-live] Block probe tamam","runId":"ce105bf4-4cd8-4cc2-8827-6971d5fb1b30","meta":{"runId":"ce105bf4-4cd8-4cc2-8827-6971d5fb1b30","blockId":"block17859","hasTooltip":false,"confidence":22}}
{"ts":"2026-04-08T03:22:38.820Z","level":"info","message":"[scan-map-live] Block probe tamam","runId":"ce105bf4-4cd8-4cc2-8827-6971d5fb1b30","meta":{"runId":"ce105bf4-4cd8-4cc2-8827-6971d5fb1b30","blockId":"block17858","hasTooltip":true,"confidence":78}}
{"ts":"2026-04-08T03:22:39.067Z","level":"info","message":"[scan-map-live] Block probe tamam","runId":"ce105bf4-4cd8-4cc2-8827-6971d5fb1b30","meta":{"runId":"ce105bf4-4cd8-4cc2-8827-6971d5fb1b30","blockId":"block42375","hasTooltip":false,"confidence":22}}
{"ts":"2026-04-08T03:22:39.303Z","level":"info","message":"[scan-map-live] Block probe tamam","runId":"ce105bf4-4cd8-4cc2-8827-6971d5fb1b30","meta":{"runId":"ce105bf4-4cd8-4cc2-8827-6971d5fb1b30","blockId":"block36334","hasTooltip":false,"confidence":22}}
{"ts":"2026-04-08T03:22:39.538Z","level":"info","message":"[scan-map-live] Block probe tamam","runId":"ce105bf4-4cd8-4cc2-8827-6971d5fb1b30","meta":{"runId":"ce105bf4-4cd8-4cc2-8827-6971d5fb1b30","blockId":"block60344","hasTooltip":false,"confidence":22}}
{"ts":"2026-04-08T03:22:39.788Z","level":"info","message":"[scan-map-live] Block probe tamam","runId":"ce105bf4-4cd8-4cc2-8827-6971d5fb1b30","meta":{"runId":"ce105bf4-4cd8-4cc2-8827-6971d5fb1b30","blockId":"block61336","hasTooltip":false,"confidence":22}}
{"ts":"2026-04-08T03:22:40.025Z","level":"info","message":"[scan-map-live] Block probe tamam","runId":"ce105bf4-4cd8-4cc2-8827-6971d5fb1b30","meta":{"runId":"ce105bf4-4cd8-4cc2-8827-6971d5fb1b30","blockId":"block617354","hasTooltip":false,"confidence":22}}
{"ts":"2026-04-08T03:22:40.292Z","level":"info","message":"[scan-map-live] Block probe tamam","runId":"ce105bf4-4cd8-4cc2-8827-6971d5fb1b30","meta":{"runId":"ce105bf4-4cd8-4cc2-8827-6971d5fb1b30","blockId":"block43339","hasTooltip":true,"confidence":78}}
{"ts":"2026-04-08T03:22:40.538Z","level":"info","message":"[scan-map-live] Block probe tamam","runId":"ce105bf4-4cd8-4cc2-8827-6971d5fb1b30","meta":{"runId":"ce105bf4-4cd8-4cc2-8827-6971d5fb1b30","blockId":"block38913","hasTooltip":true,"confidence":78}}
{"ts":"2026-04-08T03:22:40.773Z","level":"info","message":"[scan-map-live] Block probe tamam","runId":"ce105bf4-4cd8-4cc2-8827-6971d5fb1b30","meta":{"runId":"ce105bf4-4cd8-4cc2-8827-6971d5fb1b30","blockId":"block38388","hasTooltip":true,"confidence":78}}
{"ts":"2026-04-08T03:22:41.023Z","level":"info","message":"[scan-map-live] Block probe tamam","runId":"ce105bf4-4cd8-4cc2-8827-6971d5fb1b30","meta":{"runId":"ce105bf4-4cd8-4cc2-8827-6971d5fb1b30","blockId":"block59337","hasTooltip":false,"confidence":22}}
{"ts":"2026-04-08T03:22:41.270Z","level":"info","message":"[scan-map-live] Block probe tamam","runId":"ce105bf4-4cd8-4cc2-8827-6971d5fb1b30","meta":{"runId":"ce105bf4-4cd8-4cc2-8827-6971d5fb1b30","blockId":"block58339","hasTooltip":true,"confidence":78}}
{"ts":"2026-04-08T03:22:41.504Z","level":"info","message":"[scan-map-live] Block probe tamam","runId":"ce105bf4-4cd8-4cc2-8827-6971d5fb1b30","meta":{"runId":"ce105bf4-4cd8-4cc2-8827-6971d5fb1b30","blockId":"block58338","hasTooltip":true,"confidence":78}}
{"ts":"2026-04-08T03:22:41.509Z","level":"info","message":"[scan-map-live] Canlı tarama tamamlandı","runId":"ce105bf4-4cd8-4cc2-8827-6971d5fb1b30","meta":{"runId":"ce105bf4-4cd8-4cc2-8827-6971d5fb1b30","count":30}}
