{"at":"2026-04-08T03:21:34.363Z","level":"info","message":"Canlı scan run başlatıldı","meta":{"teamId":"69c405fbdb783011c5a0d859","eventAddress":"https://www.passo.com.tr/tr/kombine/galatasaray-lig-paketi/639746","maxProbe":30}}
{"at":"2026-04-08T03:21:34.364Z","level":"info","message":"Rastgele takım hesabı seçiliyor...","meta":{}}
{"at":"2026-04-08T03:21:34.370Z","level":"info","message":"Hesap seçildi","meta":{"email":"linemargs1@yaani.com","credentialId":"69cfce838f9a9ac2b5ff58fe"}}
{"at":"2026-04-08T03:21:34.371Z","level":"warn","message":"Proxy kullanımı kapalı, doğrudan bağlantı deneniyor","meta":{}}
{"at":"2026-04-08T03:21:34.373Z","level":"info","message":"Passo login + turnstile/captcha çözüm adımları başlatıldı...","meta":{}}
{"at":"2026-04-08T03:21:34.373Z","level":"info","message":"Tarayıcı açılıyor (ana bot akışı)...","meta":{"profileDir":"C:\\Users\\alavh\\AppData\\Local\\Temp\\passo-scan-live-gT6wss"}}
{"at":"2026-04-08T03:22:14.800Z","level":"info","message":"Login adımı tamamlandı, evente gidiliyor ve koltuk haritası açılıyor...","meta":{}}
{"at":"2026-04-08T03:22:14.802Z","level":"info","message":"Seat map hazırlığı başladı","meta":{"eventUrl":"https://www.passo.com.tr/tr/kombine/galatasaray-lig-paketi/639746","seatUrl":"https://www.passo.com.tr/tr/kombine/galatasaray-lig-paketi/639746/koltuk-secim"}}
{"at":"2026-04-08T03:22:14.803Z","level":"info","message":"Event sayfasına gidiliyor","meta":{"eventUrl":"https://www.passo.com.tr/tr/kombine/galatasaray-lig-paketi/639746"}}
{"at":"2026-04-08T03:22:15.117Z","level":"info","message":"Koltuk seçim URL çağrılıyor","meta":{"seatUrl":"https://www.passo.com.tr/tr/kombine/galatasaray-lig-paketi/639746/koltuk-secim"}}
{"at":"2026-04-08T03:22:15.353Z","level":"info","message":"Koltuk seçim URL sonrası durum","meta":{"currentUrl":"https://www.passo.com.tr/tr/kombine/galatasaray-lig-paketi/639746/koltuk-secim"}}
{"at":"2026-04-08T03:22:15.354Z","level":"info","message":"openSeatMapStrict çağrılıyor...","meta":{}}
{"at":"2026-04-08T03:22:34.184Z","level":"warn","message":"openSeatMapStrict false döndü ama SVG zaten mevcut, taramaya devam ediliyor","meta":{}}
{"at":"2026-04-08T03:22:34.185Z","level":"info","message":"Seat map açıldı, SVG bekleniyor...","meta":{}}
{"at":"2026-04-08T03:22:34.201Z","level":"info","message":"Seat map SVG hazır","meta":{}}
{"at":"2026-04-08T03:22:34.202Z","level":"info","message":"Koltuk seçim/SVG harita hazır, block taraması başladı...","meta":{}}
{"at":"2026-04-08T03:22:34.204Z","level":"info","message":"SVG layout bekleniyor...","meta":{"maxProbe":30}}
{"at":"2026-04-08T03:22:34.219Z","level":"info","message":"Block ID listesi çıkarıldı","meta":{"count":30}}
{"at":"2026-04-08T03:22:34.446Z","level":"info","message":"Block probe tamam","meta":{"blockId":"block17363","hasTooltip":false,"confidence":22}}
{"at":"2026-04-08T03:22:34.697Z","level":"info","message":"Block probe tamam","meta":{"blockId":"block38371","hasTooltip":true,"confidence":78}}
{"at":"2026-04-08T03:22:34.930Z","level":"info","message":"Block probe tamam","meta":{"blockId":"block38855","hasTooltip":true,"confidence":78}}
{"at":"2026-04-08T03:22:35.166Z","level":"info","message":"Block probe tamam","meta":{"blockId":"block38851","hasTooltip":true,"confidence":78}}
{"at":"2026-04-08T03:22:35.411Z","level":"info","message":"Block probe tamam","meta":{"blockId":"block18337","hasTooltip":true,"confidence":78}}
{"at":"2026-04-08T03:22:35.659Z","level":"info","message":"Block probe tamam","meta":{"blockId":"block18342","hasTooltip":true,"confidence":78}}
{"at":"2026-04-08T03:22:35.909Z","level":"info","message":"Block probe tamam","meta":{"blockId":"block18345","hasTooltip":true,"confidence":78}}
{"at":"2026-04-08T03:22:36.173Z","level":"info","message":"Block probe tamam","meta":{"blockId":"block18350","hasTooltip":false,"confidence":22}}
{"at":"2026-04-08T03:22:36.421Z","level":"info","message":"Block probe tamam","meta":{"blockId":"block39896","hasTooltip":true,"confidence":78}}
{"at":"2026-04-08T03:22:36.670Z","level":"info","message":"Block probe tamam","meta":{"blockId":"block40405","hasTooltip":true,"confidence":78}}
{"at":"2026-04-08T03:22:36.919Z","level":"info","message":"Block probe tamam","meta":{"blockId":"block39903","hasTooltip":true,"confidence":78}}
{"at":"2026-04-08T03:22:37.169Z","level":"info","message":"Block probe tamam","meta":{"blockId":"block17851","hasTooltip":false,"confidence":22}}
{"at":"2026-04-08T03:22:37.416Z","level":"info","message":"Block probe tamam","meta":{"blockId":"block18351","hasTooltip":true,"confidence":78}}
{"at":"2026-04-08T03:22:37.650Z","level":"info","message":"Block probe tamam","meta":{"blockId":"block17852","hasTooltip":true,"confidence":78}}
{"at":"2026-04-08T03:22:37.884Z","level":"info","message":"Block probe tamam","meta":{"blockId":"block39905","hasTooltip":true,"confidence":78}}
{"at":"2026-04-08T03:22:38.118Z","level":"info","message":"Block probe tamam","meta":{"blockId":"block42362","hasTooltip":true,"confidence":78}}
{"at":"2026-04-08T03:22:38.353Z","level":"info","message":"Block probe tamam","meta":{"blockId":"block42373","hasTooltip":true,"confidence":78}}
{"at":"2026-04-08T03:22:38.586Z","level":"info","message":"Block probe tamam","meta":{"blockId":"block17859","hasTooltip":false,"confidence":22}}
{"at":"2026-04-08T03:22:38.820Z","level":"info","message":"Block probe tamam","meta":{"blockId":"block17858","hasTooltip":true,"confidence":78}}
{"at":"2026-04-08T03:22:39.066Z","level":"info","message":"Block probe tamam","meta":{"blockId":"block42375","hasTooltip":false,"confidence":22}}
{"at":"2026-04-08T03:22:39.302Z","level":"info","message":"Block probe tamam","meta":{"blockId":"block36334","hasTooltip":false,"confidence":22}}
{"at":"2026-04-08T03:22:39.538Z","level":"info","message":"Block probe tamam","meta":{"blockId":"block60344","hasTooltip":false,"confidence":22}}
{"at":"2026-04-08T03:22:39.788Z","level":"info","message":"Block probe tamam","meta":{"blockId":"block61336","hasTooltip":false,"confidence":22}}
{"at":"2026-04-08T03:22:40.024Z","level":"info","message":"Block probe tamam","meta":{"blockId":"block617354","hasTooltip":false,"confidence":22}}
{"at":"2026-04-08T03:22:40.291Z","level":"info","message":"Block probe tamam","meta":{"blockId":"block43339","hasTooltip":true,"confidence":78}}
{"at":"2026-04-08T03:22:40.537Z","level":"info","message":"Block probe tamam","meta":{"blockId":"block38913","hasTooltip":true,"confidence":78}}
{"at":"2026-04-08T03:22:40.773Z","level":"info","message":"Block probe tamam","meta":{"blockId":"block38388","hasTooltip":true,"confidence":78}}
{"at":"2026-04-08T03:22:41.023Z","level":"info","message":"Block probe tamam","meta":{"blockId":"block59337","hasTooltip":false,"confidence":22}}
{"at":"2026-04-08T03:22:41.270Z","level":"info","message":"Block probe tamam","meta":{"blockId":"block58339","hasTooltip":true,"confidence":78}}
{"at":"2026-04-08T03:22:41.504Z","level":"info","message":"Block probe tamam","meta":{"blockId":"block58338","hasTooltip":true,"confidence":78}}
{"at":"2026-04-08T03:22:41.509Z","level":"info","message":"Canlı tarama tamamlandı","meta":{"count":30}}
